This file contains any messages produced by compilers while
running configure, to aid debugging if configure makes a mistake.

It was created by configure, which was
generated by GNU Autoconf 2.67.  Invocation command line was

  $ ./configure --disable-option-checking --prefix=/usr/local --cache-file=/dev/null --srcdir=.

## --------- ##
## Platform. ##
## --------- ##

hostname = pc-kostis
uname -m = x86_64
uname -r = 2.6.32-5-amd64
uname -s = Linux
uname -v = #1 SMP Sun Sep 23 10:07:46 UTC 2012

/usr/bin/uname -p = unknown
/bin/uname -X     = unknown

/bin/arch              = unknown
/usr/bin/arch -k       = unknown
/usr/convex/getsysinfo = unknown
/usr/bin/hostinfo      = unknown
/bin/machine           = unknown
/usr/bin/oslevel       = unknown
/bin/universe          = unknown

PATH: /home/kostis/HiPE/otp/bin
PATH: /usr/local/bin
PATH: /usr/bin
PATH: /bin
PATH: /usr/local/games
PATH: /usr/games


## ----------- ##
## Core tests. ##
## ----------- ##

configure:2492: checking build system type
configure:2506: result: x86_64-unknown-linux-gnu
configure:2526: checking host system type
configure:2539: result: x86_64-unknown-linux-gnu
configure:2624: checking for gcc
configure:2640: found /usr/bin/gcc
configure:2651: result: gcc
configure:2880: checking for C compiler version
configure:2889: gcc --version >&5
gcc (Debian 4.4.5-8) 4.4.5
Copyright (C) 2010 Free Software Foundation, Inc.
This is free software; see the source for copying conditions.  There is NO
warranty; not even for MERCHANTABILITY or FITNESS FOR A PARTICULAR PURPOSE.

configure:2900: $? = 0
configure:2889: gcc -v >&5
Using built-in specs.
Target: x86_64-linux-gnu
Configured with: ../src/configure -v --with-pkgversion='Debian 4.4.5-8' --with-bugurl=file:///usr/share/doc/gcc-4.4/README.Bugs --enable-languages=c,c++,fortran,objc,obj-c++ --prefix=/usr --program-suffix=-4.4 --enable-shared --enable-multiarch --enable-linker-build-id --with-system-zlib --libexecdir=/usr/lib --without-included-gettext --enable-threads=posix --with-gxx-include-dir=/usr/include/c++/4.4 --libdir=/usr/lib --enable-nls --enable-clocale=gnu --enable-libstdcxx-debug --enable-objc-gc --with-arch-32=i586 --with-tune=generic --enable-checking=release --build=x86_64-linux-gnu --host=x86_64-linux-gnu --target=x86_64-linux-gnu
Thread model: posix
gcc version 4.4.5 (Debian 4.4.5-8) 
configure:2900: $? = 0
configure:2889: gcc -V >&5
gcc: '-V' option must have argument
configure:2900: $? = 1
configure:2889: gcc -qversion >&5
gcc: unrecognized option '-qversion'
gcc: no input files
configure:2900: $? = 1
configure:2920: checking whether the C compiler works
configure:2942: gcc    conftest.c  >&5
configure:2946: $? = 0
configure:2994: result: yes
configure:2997: checking for C compiler default output file name
configure:2999: result: a.out
configure:3005: checking for suffix of executables
configure:3012: gcc -o conftest    conftest.c  >&5
configure:3016: $? = 0
configure:3038: result: 
configure:3060: checking whether we are cross compiling
configure:3068: gcc -o conftest    conftest.c  >&5
configure:3072: $? = 0
configure:3079: ./conftest
configure:3083: $? = 0
configure:3098: result: no
configure:3103: checking for suffix of object files
configure:3125: gcc -c   conftest.c >&5
configure:3129: $? = 0
configure:3150: result: o
configure:3154: checking whether we are using the GNU C compiler
configure:3173: gcc -c   conftest.c >&5
configure:3173: $? = 0
configure:3182: result: yes
configure:3191: checking whether gcc accepts -g
configure:3211: gcc -c -g  conftest.c >&5
configure:3211: $? = 0
configure:3252: result: yes
configure:3269: checking for gcc option to accept ISO C89
configure:3333: gcc  -c -g -O2  conftest.c >&5
configure:3333: $? = 0
configure:3346: result: none needed
configure:3424: checking for g++
configure:3440: found /usr/bin/g++
configure:3451: result: g++
configure:3478: checking for C++ compiler version
configure:3487: g++ --version >&5
g++ (Debian 4.4.5-8) 4.4.5
Copyright (C) 2010 Free Software Foundation, Inc.
This is free software; see the source for copying conditions.  There is NO
warranty; not even for MERCHANTABILITY or FITNESS FOR A PARTICULAR PURPOSE.

configure:3498: $? = 0
configure:3487: g++ -v >&5
Using built-in specs.
Target: x86_64-linux-gnu
Configured with: ../src/configure -v --with-pkgversion='Debian 4.4.5-8' --with-bugurl=file:///usr/share/doc/gcc-4.4/README.Bugs --enable-languages=c,c++,fortran,objc,obj-c++ --prefix=/usr --program-suffix=-4.4 --enable-shared --enable-multiarch --enable-linker-build-id --with-system-zlib --libexecdir=/usr/lib --without-included-gettext --enable-threads=posix --with-gxx-include-dir=/usr/include/c++/4.4 --libdir=/usr/lib --enable-nls --enable-clocale=gnu --enable-libstdcxx-debug --enable-objc-gc --with-arch-32=i586 --with-tune=generic --enable-checking=release --build=x86_64-linux-gnu --host=x86_64-linux-gnu --target=x86_64-linux-gnu
Thread model: posix
gcc version 4.4.5 (Debian 4.4.5-8) 
configure:3498: $? = 0
configure:3487: g++ -V >&5
g++: '-V' option must have argument
configure:3498: $? = 1
configure:3487: g++ -qversion >&5
g++: unrecognized option '-qversion'
g++: no input files
configure:3498: $? = 1
configure:3502: checking whether we are using the GNU C++ compiler
configure:3521: g++ -c   conftest.cpp >&5
configure:3521: $? = 0
configure:3530: result: yes
configure:3539: checking whether g++ accepts -g
configure:3559: g++ -c -g  conftest.cpp >&5
configure:3559: $? = 0
configure:3600: result: yes
configure:3666: checking for ranlib
configure:3682: found /usr/bin/ranlib
configure:3693: result: ranlib
configure:3720: checking how to run the C preprocessor
configure:3751: gcc -E  conftest.c
configure:3751: $? = 0
configure:3765: gcc -E  conftest.c
conftest.c:9:28: error: ac_nonexistent.h: No such file or directory
configure:3765: $? = 1
configure: failed program was:
| /* confdefs.h */
| #define PACKAGE_NAME ""
| #define PACKAGE_TARNAME ""
| #define PACKAGE_VERSION ""
| #define PACKAGE_STRING ""
| #define PACKAGE_BUGREPORT ""
| #define PACKAGE_URL ""
| /* end confdefs.h.  */
| #include <ac_nonexistent.h>
configure:3790: result: gcc -E
configure:3810: gcc -E  conftest.c
configure:3810: $? = 0
configure:3824: gcc -E  conftest.c
conftest.c:9:28: error: ac_nonexistent.h: No such file or directory
configure:3824: $? = 1
configure: failed program was:
| /* confdefs.h */
| #define PACKAGE_NAME ""
| #define PACKAGE_TARNAME ""
| #define PACKAGE_VERSION ""
| #define PACKAGE_STRING ""
| #define PACKAGE_BUGREPORT ""
| #define PACKAGE_URL ""
| /* end confdefs.h.  */
| #include <ac_nonexistent.h>
configure:3853: Building for linux-gnu
configure:3858: checking for mixed cygwin and native VC++ environment
configure:3874: result: no
configure:3880: checking for mixed cygwin and native MinGW environment
configure:3896: result: no
configure:3902: checking if we mix cygwin with any native compiler
configure:3908: result: no
configure:3920: checking for grep that handles long lines and -e
configure:3978: result: /bin/grep
configure:3983: checking for egrep
configure:4045: result: /bin/grep -E
configure:4050: checking for ANSI C header files
configure:4070: gcc -c -g -O2  conftest.c >&5
configure:4070: $? = 0
configure:4143: gcc -o conftest -g -O2   conftest.c  >&5
configure:4143: $? = 0
configure:4143: ./conftest
configure:4143: $? = 0
configure:4154: result: yes
configure:4167: checking for sys/types.h
configure:4167: gcc -c -g -O2  conftest.c >&5
configure:4167: $? = 0
configure:4167: result: yes
configure:4167: checking for sys/stat.h
configure:4167: gcc -c -g -O2  conftest.c >&5
configure:4167: $? = 0
configure:4167: result: yes
configure:4167: checking for stdlib.h
configure:4167: gcc -c -g -O2  conftest.c >&5
configure:4167: $? = 0
configure:4167: result: yes
configure:4167: checking for string.h
configure:4167: gcc -c -g -O2  conftest.c >&5
configure:4167: $? = 0
configure:4167: result: yes
configure:4167: checking for memory.h
configure:4167: gcc -c -g -O2  conftest.c >&5
configure:4167: $? = 0
configure:4167: result: yes
configure:4167: checking for strings.h
configure:4167: gcc -c -g -O2  conftest.c >&5
configure:4167: $? = 0
configure:4167: result: yes
configure:4167: checking for inttypes.h
configure:4167: gcc -c -g -O2  conftest.c >&5
configure:4167: $? = 0
configure:4167: result: yes
configure:4167: checking for stdint.h
configure:4167: gcc -c -g -O2  conftest.c >&5
configure:4167: $? = 0
configure:4167: result: yes
configure:4167: checking for unistd.h
configure:4167: gcc -c -g -O2  conftest.c >&5
configure:4167: $? = 0
configure:4167: result: yes
configure:4183: checking size of void *
configure:4188: gcc -o conftest -g -O2   conftest.c  >&5
configure:4188: $? = 0
configure:4188: ./conftest
configure:4188: $? = 0
configure:4202: result: 8
configure:4292: checking GL/gl.h usability
configure:4292: gcc -c -g -Wall -O2 -fPIC -fomit-frame-pointer -fno-strict-aliasing -g -O2  -D_GNU_SOURCE -D_THREAD_SAFE -D_REENTRANT conftest.c >&5
configure:4292: $? = 0
configure:4292: result: yes
configure:4292: checking GL/gl.h presence
configure:4292: gcc -E  -D_GNU_SOURCE -D_THREAD_SAFE -D_REENTRANT conftest.c
configure:4292: $? = 0
configure:4292: result: yes
configure:4292: checking for GL/gl.h
configure:4292: result: yes
configure:4490: checking for debug build of wxWidgets
configure:4523: checking for wx-config
configure:4542: found /usr/bin/wx-config
configure:4555: result: /usr/bin/wx-config
configure:4573: checking for wxWidgets version >= 2.8.4 (--unicode --debug=yes)
configure:4686: result: no
configure:4734: checking for standard build of wxWidgets
configure:4766: checking for wx-config
configure:4798: result: /usr/bin/wx-config
configure:4816: checking for wxWidgets version >= 2.8.4 (--unicode --debug=no)
configure:4860: result: yes (version 2.8.10)
configure:4864: checking for wxWidgets static library
configure:4868: result: no
configure:5104: checking if wxwidgets have opengl support
configure:5138: g++ -c -g -Wall -O2 -fPIC -fomit-frame-pointer -fno-strict-aliasing -g -O2  -D_GNU_SOURCE -D_THREAD_SAFE -D_REENTRANT -I/usr/lib/wx/include/gtk2-unicode-release-2.8 -I/usr/include/wx-2.8 -D_FILE_OFFSET_BITS=64 -D_LARGE_FILES -D__WXGTK__ -pthread  -D_GNU_SOURCE -D_THREAD_SAFE -D_REENTRANT conftest.cpp >&5
configure:5138: $? = 0
configure:5155: result: yes
configure:5165: checking for GLintptr
configure:5165: gcc -c -g -Wall -O2 -fPIC -fomit-frame-pointer -fno-strict-aliasing -g -O2  -D_GNU_SOURCE -D_THREAD_SAFE -D_REENTRANT   -D_GNU_SOURCE -D_THREAD_SAFE -D_REENTRANT conftest.c >&5
configure:5165: $? = 0
configure:5165: gcc -c -g -Wall -O2 -fPIC -fomit-frame-pointer -fno-strict-aliasing -g -O2  -D_GNU_SOURCE -D_THREAD_SAFE -D_REENTRANT   -D_GNU_SOURCE -D_THREAD_SAFE -D_REENTRANT conftest.c >&5
conftest.c: In function 'main':
conftest.c:35: error: expected expression before ')' token
configure:5165: $? = 1
configure: failed program was:
| /* confdefs.h */
| #define PACKAGE_NAME ""
| #define PACKAGE_TARNAME ""
| #define PACKAGE_VERSION ""
| #define PACKAGE_STRING ""
| #define PACKAGE_BUGREPORT ""
| #define PACKAGE_URL ""
| #define STDC_HEADERS 1
| #define HAVE_SYS_TYPES_H 1
| #define HAVE_SYS_STAT_H 1
| #define HAVE_STDLIB_H 1
| #define HAVE_STRING_H 1
| #define HAVE_MEMORY_H 1
| #define HAVE_STRINGS_H 1
| #define HAVE_INTTYPES_H 1
| #define HAVE_STDINT_H 1
| #define HAVE_UNISTD_H 1
| #define SIZEOF_VOID_P 8
| #define HAVE_GL_GL_H 1
| #define HAVE_GL_SUPPORT 1
| /* end confdefs.h.  */
| #ifdef WIN32
| 		# include <windows.h>
| 	        # include <gl/gl.h>
| 	        #elif defined(HAVE_GL_GL_H)
| 	        # include <GL/gl.h>
|                 #elif defined(HAVE_OPENGL_GL_H)
| 		# include <OpenGL/gl.h>
| 		#endif
| 
| 
| int
| main ()
| {
| if (sizeof ((GLintptr)))
| 	    return 0;
|   ;
|   return 0;
| }
configure:5165: result: yes
configure:5183: checking for GLintptrARB
configure:5183: gcc -c -g -Wall -O2 -fPIC -fomit-frame-pointer -fno-strict-aliasing -g -O2  -D_GNU_SOURCE -D_THREAD_SAFE -D_REENTRANT   -D_GNU_SOURCE -D_THREAD_SAFE -D_REENTRANT conftest.c >&5
configure:5183: $? = 0
configure:5183: gcc -c -g -Wall -O2 -fPIC -fomit-frame-pointer -fno-strict-aliasing -g -O2  -D_GNU_SOURCE -D_THREAD_SAFE -D_REENTRANT   -D_GNU_SOURCE -D_THREAD_SAFE -D_REENTRANT conftest.c >&5
conftest.c: In function 'main':
conftest.c:36: error: expected expression before ')' token
configure:5183: $? = 1
configure: failed program was:
| /* confdefs.h */
| #define PACKAGE_NAME ""
| #define PACKAGE_TARNAME ""
| #define PACKAGE_VERSION ""
| #define PACKAGE_STRING ""
| #define PACKAGE_BUGREPORT ""
| #define PACKAGE_URL ""
| #define STDC_HEADERS 1
| #define HAVE_SYS_TYPES_H 1
| #define HAVE_SYS_STAT_H 1
| #define HAVE_STDLIB_H 1
| #define HAVE_STRING_H 1
| #define HAVE_MEMORY_H 1
| #define HAVE_STRINGS_H 1
| #define HAVE_INTTYPES_H 1
| #define HAVE_STDINT_H 1
| #define HAVE_UNISTD_H 1
| #define SIZEOF_VOID_P 8
| #define HAVE_GL_GL_H 1
| #define HAVE_GL_SUPPORT 1
| #define HAVE_GLINTPTR 1
| /* end confdefs.h.  */
| #ifdef WIN32
| 		# include <windows.h>
| 	        # include <gl/gl.h>
| 	        #elif defined(HAVE_GL_GL_H)
| 	        # include <GL/gl.h>
|                 #elif defined(HAVE_OPENGL_GL_H)
| 		# include <OpenGL/gl.h>
| 		#endif
| 
| 
| int
| main ()
| {
| if (sizeof ((GLintptrARB)))
| 	    return 0;
|   ;
|   return 0;
| }
configure:5183: result: yes
configure:5201: checking for GLchar
configure:5201: gcc -c -g -Wall -O2 -fPIC -fomit-frame-pointer -fno-strict-aliasing -g -O2  -D_GNU_SOURCE -D_THREAD_SAFE -D_REENTRANT   -D_GNU_SOURCE -D_THREAD_SAFE -D_REENTRANT conftest.c >&5
configure:5201: $? = 0
configure:5201: gcc -c -g -Wall -O2 -fPIC -fomit-frame-pointer -fno-strict-aliasing -g -O2  -D_GNU_SOURCE -D_THREAD_SAFE -D_REENTRANT   -D_GNU_SOURCE -D_THREAD_SAFE -D_REENTRANT conftest.c >&5
conftest.c: In function 'main':
conftest.c:37: error: expected expression before ')' token
configure:5201: $? = 1
configure: failed program was:
| /* confdefs.h */
| #define PACKAGE_NAME ""
| #define PACKAGE_TARNAME ""
| #define PACKAGE_VERSION ""
| #define PACKAGE_STRING ""
| #define PACKAGE_BUGREPORT ""
| #define PACKAGE_URL ""
| #define STDC_HEADERS 1
| #define HAVE_SYS_TYPES_H 1
| #define HAVE_SYS_STAT_H 1
| #define HAVE_STDLIB_H 1
| #define HAVE_STRING_H 1
| #define HAVE_MEMORY_H 1
| #define HAVE_STRINGS_H 1
| #define HAVE_INTTYPES_H 1
| #define HAVE_STDINT_H 1
| #define HAVE_UNISTD_H 1
| #define SIZEOF_VOID_P 8
| #define HAVE_GL_GL_H 1
| #define HAVE_GL_SUPPORT 1
| #define HAVE_GLINTPTR 1
| #define HAVE_GLINTPTRARB 1
| /* end confdefs.h.  */
| #ifdef WIN32
| 		# include <windows.h>
| 	        # include <gl/gl.h>
| 	        #elif defined(HAVE_GL_GL_H)
| 	        # include <GL/gl.h>
|                 #elif defined(HAVE_OPENGL_GL_H)
| 		# include <OpenGL/gl.h>
| 		#endif
| 
| 
| int
| main ()
| {
| if (sizeof ((GLchar)))
| 	    return 0;
|   ;
|   return 0;
| }
configure:5201: result: yes
configure:5219: checking for GLcharARB
configure:5219: gcc -c -g -Wall -O2 -fPIC -fomit-frame-pointer -fno-strict-aliasing -g -O2  -D_GNU_SOURCE -D_THREAD_SAFE -D_REENTRANT   -D_GNU_SOURCE -D_THREAD_SAFE -D_REENTRANT conftest.c >&5
configure:5219: $? = 0
configure:5219: gcc -c -g -Wall -O2 -fPIC -fomit-frame-pointer -fno-strict-aliasing -g -O2  -D_GNU_SOURCE -D_THREAD_SAFE -D_REENTRANT   -D_GNU_SOURCE -D_THREAD_SAFE -D_REENTRANT conftest.c >&5
conftest.c: In function 'main':
conftest.c:38: error: expected expression before ')' token
configure:5219: $? = 1
configure: failed program was:
| /* confdefs.h */
| #define PACKAGE_NAME ""
| #define PACKAGE_TARNAME ""
| #define PACKAGE_VERSION ""
| #define PACKAGE_STRING ""
| #define PACKAGE_BUGREPORT ""
| #define PACKAGE_URL ""
| #define STDC_HEADERS 1
| #define HAVE_SYS_TYPES_H 1
| #define HAVE_SYS_STAT_H 1
| #define HAVE_STDLIB_H 1
| #define HAVE_STRING_H 1
| #define HAVE_MEMORY_H 1
| #define HAVE_STRINGS_H 1
| #define HAVE_INTTYPES_H 1
| #define HAVE_STDINT_H 1
| #define HAVE_UNISTD_H 1
| #define SIZEOF_VOID_P 8
| #define HAVE_GL_GL_H 1
| #define HAVE_GL_SUPPORT 1
| #define HAVE_GLINTPTR 1
| #define HAVE_GLINTPTRARB 1
| #define HAVE_GLCHAR 1
| /* end confdefs.h.  */
| #ifdef WIN32
| 		# include <windows.h>
| 	        # include <gl/gl.h>
| 	        #elif defined(HAVE_GL_GL_H)
| 	        # include <GL/gl.h>
|                 #elif defined(HAVE_OPENGL_GL_H)
| 		# include <OpenGL/gl.h>
| 		#endif
| 
| 
| int
| main ()
| {
| if (sizeof ((GLcharARB)))
| 	    return 0;
|   ;
|   return 0;
| }
configure:5219: result: yes
configure:5237: checking for GLhalfARB
configure:5237: gcc -c -g -Wall -O2 -fPIC -fomit-frame-pointer -fno-strict-aliasing -g -O2  -D_GNU_SOURCE -D_THREAD_SAFE -D_REENTRANT   -D_GNU_SOURCE -D_THREAD_SAFE -D_REENTRANT conftest.c >&5
configure:5237: $? = 0
configure:5237: gcc -c -g -Wall -O2 -fPIC -fomit-frame-pointer -fno-strict-aliasing -g -O2  -D_GNU_SOURCE -D_THREAD_SAFE -D_REENTRANT   -D_GNU_SOURCE -D_THREAD_SAFE -D_REENTRANT conftest.c >&5
conftest.c: In function 'main':
conftest.c:39: error: expected expression before ')' token
configure:5237: $? = 1
configure: failed program was:
| /* confdefs.h */
| #define PACKAGE_NAME ""
| #define PACKAGE_TARNAME ""
| #define PACKAGE_VERSION ""
| #define PACKAGE_STRING ""
| #define PACKAGE_BUGREPORT ""
| #define PACKAGE_URL ""
| #define STDC_HEADERS 1
| #define HAVE_SYS_TYPES_H 1
| #define HAVE_SYS_STAT_H 1
| #define HAVE_STDLIB_H 1
| #define HAVE_STRING_H 1
| #define HAVE_MEMORY_H 1
| #define HAVE_STRINGS_H 1
| #define HAVE_INTTYPES_H 1
| #define HAVE_STDINT_H 1
| #define HAVE_UNISTD_H 1
| #define SIZEOF_VOID_P 8
| #define HAVE_GL_GL_H 1
| #define HAVE_GL_SUPPORT 1
| #define HAVE_GLINTPTR 1
| #define HAVE_GLINTPTRARB 1
| #define HAVE_GLCHAR 1
| #define HAVE_GLCHARARB 1
| /* end confdefs.h.  */
| #ifdef WIN32
| 		# include <windows.h>
| 	        # include <gl/gl.h>
| 	        #elif defined(HAVE_GL_GL_H)
| 	        # include <GL/gl.h>
|                 #elif defined(HAVE_OPENGL_GL_H)
| 		# include <OpenGL/gl.h>
| 		#endif
| 
| 
| int
| main ()
| {
| if (sizeof ((GLhalfARB)))
| 	    return 0;
|   ;
|   return 0;
| }
configure:5237: result: yes
configure:5255: checking for GLint64EXT
configure:5255: gcc -c -g -Wall -O2 -fPIC -fomit-frame-pointer -fno-strict-aliasing -g -O2  -D_GNU_SOURCE -D_THREAD_SAFE -D_REENTRANT   -D_GNU_SOURCE -D_THREAD_SAFE -D_REENTRANT conftest.c >&5
configure:5255: $? = 0
configure:5255: gcc -c -g -Wall -O2 -fPIC -fomit-frame-pointer -fno-strict-aliasing -g -O2  -D_GNU_SOURCE -D_THREAD_SAFE -D_REENTRANT   -D_GNU_SOURCE -D_THREAD_SAFE -D_REENTRANT conftest.c >&5
conftest.c: In function 'main':
conftest.c:40: error: expected expression before ')' token
configure:5255: $? = 1
configure: failed program was:
| /* confdefs.h */
| #define PACKAGE_NAME ""
| #define PACKAGE_TARNAME ""
| #define PACKAGE_VERSION ""
| #define PACKAGE_STRING ""
| #define PACKAGE_BUGREPORT ""
| #define PACKAGE_URL ""
| #define STDC_HEADERS 1
| #define HAVE_SYS_TYPES_H 1
| #define HAVE_SYS_STAT_H 1
| #define HAVE_STDLIB_H 1
| #define HAVE_STRING_H 1
| #define HAVE_MEMORY_H 1
| #define HAVE_STRINGS_H 1
| #define HAVE_INTTYPES_H 1
| #define HAVE_STDINT_H 1
| #define HAVE_UNISTD_H 1
| #define SIZEOF_VOID_P 8
| #define HAVE_GL_GL_H 1
| #define HAVE_GL_SUPPORT 1
| #define HAVE_GLINTPTR 1
| #define HAVE_GLINTPTRARB 1
| #define HAVE_GLCHAR 1
| #define HAVE_GLCHARARB 1
| #define HAVE_GLHALFARB 1
| /* end confdefs.h.  */
| #ifdef WIN32
| 		# include <windows.h>
| 	        # include <gl/gl.h>
| 	        #elif defined(HAVE_GL_GL_H)
| 	        # include <GL/gl.h>
|                 #elif defined(HAVE_OPENGL_GL_H)
| 		# include <OpenGL/gl.h>
| 		#endif
| 
| 
| int
| main ()
| {
| if (sizeof ((GLint64EXT)))
| 	    return 0;
|   ;
|   return 0;
| }
configure:5255: result: yes
configure:5276: checking GLU Callbacks uses Tiger Style
configure:5314: g++ -c -g -Wall -O2 -fPIC -fomit-frame-pointer -fno-strict-aliasing -g -O2  -D_GNU_SOURCE -D_THREAD_SAFE -D_REENTRANT -I/usr/lib/wx/include/gtk2-unicode-release-2.8 -I/usr/include/wx-2.8 -D_FILE_OFFSET_BITS=64 -D_LARGE_FILES -D__WXGTK__ -pthread  -D_GNU_SOURCE -D_THREAD_SAFE -D_REENTRANT conftest.cpp >&5
conftest.cpp: In function 'int main()':
conftest.cpp:47: error: invalid conversion from 'GLvoid (*)(...)' to 'void (*)()'
conftest.cpp:47: error:   initializing argument 3 of 'void gluTessCallback(GLUtesselator*, GLenum, void (*)())'
configure:5314: $? = 1
configure: failed program was:
| /* confdefs.h */
| #define PACKAGE_NAME ""
| #define PACKAGE_TARNAME ""
| #define PACKAGE_VERSION ""
| #define PACKAGE_STRING ""
| #define PACKAGE_BUGREPORT ""
| #define PACKAGE_URL ""
| #define STDC_HEADERS 1
| #define HAVE_SYS_TYPES_H 1
| #define HAVE_SYS_STAT_H 1
| #define HAVE_STDLIB_H 1
| #define HAVE_STRING_H 1
| #define HAVE_MEMORY_H 1
| #define HAVE_STRINGS_H 1
| #define HAVE_INTTYPES_H 1
| #define HAVE_STDINT_H 1
| #define HAVE_UNISTD_H 1
| #define SIZEOF_VOID_P 8
| #define HAVE_GL_GL_H 1
| #define HAVE_GL_SUPPORT 1
| #define HAVE_GLINTPTR 1
| #define HAVE_GLINTPTRARB 1
| #define HAVE_GLCHAR 1
| #define HAVE_GLCHARARB 1
| #define HAVE_GLHALFARB 1
| #define HAVE_GLINT64EXT 1
| /* end confdefs.h.  */
| 
|                 #ifdef WIN32
| 		# include <windows.h>
| 	        # include <gl/glu.h>
| 	        #elif defined(HAVE_GL_GL_H)
| 	        # include <GL/glu.h>
|                 #elif defined(HAVE_OPENGL_GL_H)
| 		# include <OpenGL/glu.h>
| 		#endif
| 		#ifndef CALLBACK
| 		# define CALLBACK
| 		#endif
| 		void CALLBACK foo() {};
| 
| int
| main ()
| {
| 
| 		   GLUtesselator* tess;
| 		   gluTessCallback(tess,GLU_TESS_VERTEX,(GLvoid (*)(...)) foo);
| 
|   ;
|   return 0;
| }
configure:5323: result: no
configure:5330: checking for wx/stc/stc.h
configure:5330: g++ -c -g -Wall -O2 -fPIC -fomit-frame-pointer -fno-strict-aliasing -g -O2  -D_GNU_SOURCE -D_THREAD_SAFE -D_REENTRANT -I/usr/lib/wx/include/gtk2-unicode-release-2.8 -I/usr/include/wx-2.8 -D_FILE_OFFSET_BITS=64 -D_LARGE_FILES -D__WXGTK__ -pthread  -D_GNU_SOURCE -D_THREAD_SAFE -D_REENTRANT conftest.cpp >&5
configure:5330: $? = 0
configure:5330: result: yes
configure:5352: checking if we can link wxwidgets programs
configure:5390: g++ -o conftest -g -Wall -O2 -fPIC -fomit-frame-pointer -fno-strict-aliasing -g -O2  -D_GNU_SOURCE -D_THREAD_SAFE -D_REENTRANT -I/usr/lib/wx/include/gtk2-unicode-release-2.8 -I/usr/include/wx-2.8 -D_FILE_OFFSET_BITS=64 -D_LARGE_FILES -D__WXGTK__ -pthread  -D_GNU_SOURCE -D_THREAD_SAFE -D_REENTRANT -shared -fPIC  conftest.cpp  >&5
conftest.cpp: In member function 'virtual bool MyApp::OnInit()':
conftest.cpp:48: warning: unused variable 'foo'
conftest.cpp:49: warning: unused variable 'bar'
configure:5390: $? = 0
configure:5410: result: yes
configure:5599: creating x86_64-unknown-linux-gnu/config.status

## ---------------------- ##
## Running config.status. ##
## ---------------------- ##

This file was extended by config.status, which was
generated by GNU Autoconf 2.67.  Invocation command line was

  CONFIG_FILES    = 
  CONFIG_HEADERS  = 
  CONFIG_LINKS    = 
  CONFIG_COMMANDS = 
  $ x86_64-unknown-linux-gnu/config.status 

on pc-kostis

config.status:780: creating config.mk
config.status:780: creating c_src/Makefile

## ---------------- ##
## Cache variables. ##
## ---------------- ##

ac_cv_build=x86_64-unknown-linux-gnu
ac_cv_c_compiler_gnu=yes
ac_cv_cxx_compiler_gnu=yes
ac_cv_env_CCC_set=
ac_cv_env_CCC_value=
ac_cv_env_CC_set=
ac_cv_env_CC_value=
ac_cv_env_CFLAGS_set=
ac_cv_env_CFLAGS_value=
ac_cv_env_CPPFLAGS_set=
ac_cv_env_CPPFLAGS_value=
ac_cv_env_CPP_set=
ac_cv_env_CPP_value=
ac_cv_env_CXXFLAGS_set=
ac_cv_env_CXXFLAGS_value=
ac_cv_env_CXX_set=
ac_cv_env_CXX_value=
ac_cv_env_LDFLAGS_set=
ac_cv_env_LDFLAGS_value=
ac_cv_env_LIBS_set=
ac_cv_env_LIBS_value=
ac_cv_env_build_alias_set=
ac_cv_env_build_alias_value=
ac_cv_env_host_alias_set=
ac_cv_env_host_alias_value=
ac_cv_env_target_alias_set=
ac_cv_env_target_alias_value=
ac_cv_header_GL_gl_h=yes
ac_cv_header_inttypes_h=yes
ac_cv_header_memory_h=yes
ac_cv_header_stdc=yes
ac_cv_header_stdint_h=yes
ac_cv_header_stdlib_h=yes
ac_cv_header_string_h=yes
ac_cv_header_strings_h=yes
ac_cv_header_sys_stat_h=yes
ac_cv_header_sys_types_h=yes
ac_cv_header_unistd_h=yes
ac_cv_header_wx_stc_stc_h=yes
ac_cv_host=x86_64-unknown-linux-gnu
ac_cv_objext=o
ac_cv_path_EGREP='/bin/grep -E'
ac_cv_path_GREP=/bin/grep
ac_cv_path_WX_CONFIG_PATH=/usr/bin/wx-config
ac_cv_prog_CPP='gcc -E'
ac_cv_prog_ac_ct_CC=gcc
ac_cv_prog_ac_ct_CXX=g++
ac_cv_prog_ac_ct_RANLIB=ranlib
ac_cv_prog_cc_c89=
ac_cv_prog_cc_g=yes
ac_cv_prog_cxx_g=yes
ac_cv_sizeof_void_p=8
ac_cv_type_GLchar=yes
ac_cv_type_GLcharARB=yes
ac_cv_type_GLhalfARB=yes
ac_cv_type_GLint64EXT=yes
ac_cv_type_GLintptr=yes
ac_cv_type_GLintptrARB=yes

## ----------------- ##
## Output variables. ##
## ----------------- ##

CC='gcc'
CFLAGS='-g -Wall -O2 -fPIC -fomit-frame-pointer -fno-strict-aliasing -g -O2  -D_GNU_SOURCE -D_THREAD_SAFE -D_REENTRANT '
CPP='gcc -E'
CPPFLAGS=' -D_GNU_SOURCE -D_THREAD_SAFE -D_REENTRANT'
CXX='g++'
CXXFLAGS='-g -Wall -O2 -fPIC -fomit-frame-pointer -fno-strict-aliasing -g -O2  -D_GNU_SOURCE -D_THREAD_SAFE -D_REENTRANT'
DEBUG_CFLAGS='-g -Wall -fPIC -DDEBUG -g -O2  -D_GNU_SOURCE -D_THREAD_SAFE -D_REENTRANT '
DEBUG_CXXFLAGS='-g -Wall -fPIC -DDEBUG -g -O2  -D_GNU_SOURCE -D_THREAD_SAFE -D_REENTRANT'
DEBUG_WX_CFLAGS=''
DEBUG_WX_CXXFLAGS=''
DEBUG_WX_LIBS=''
DEBUG_WX_LIBS_STATIC=''
DEFS='-DPACKAGE_NAME=\"\" -DPACKAGE_TARNAME=\"\" -DPACKAGE_VERSION=\"\" -DPACKAGE_STRING=\"\" -DPACKAGE_BUGREPORT=\"\" -DPACKAGE_URL=\"\" -DSTDC_HEADERS=1 -DHAVE_SYS_TYPES_H=1 -DHAVE_SYS_STAT_H=1 -DHAVE_STDLIB_H=1 -DHAVE_STRING_H=1 -DHAVE_MEMORY_H=1 -DHAVE_STRINGS_H=1 -DHAVE_INTTYPES_H=1 -DHAVE_STDINT_H=1 -DHAVE_UNISTD_H=1 -DSIZEOF_VOID_P=8 -DHAVE_GL_GL_H=1 -DHAVE_GL_SUPPORT=1 -DHAVE_GLINTPTR=1 -DHAVE_GLINTPTRARB=1 -DHAVE_GLCHAR=1 -DHAVE_GLCHARARB=1 -DHAVE_GLHALFARB=1 -DHAVE_GLINT64EXT=1 -DHAVE_WX_STC_STC_H=1'
ECHO_C=''
ECHO_N='-n'
ECHO_T=''
EGREP='/bin/grep -E'
ERLANG_ROOT_DIR='/home/kostis/slice/otp_src_R14B04+slice'
ERLC='erlc'
EXEEXT=''
FORCED_DEBUG_BUILD='false'
GL_LIBS='-lGL -lGLU'
GREP='/bin/grep'
HAVE_GL_SUPPORT='yes'
LDFLAGS='-shared -fPIC '
LIBOBJS=''
LIBS=''
LTLIBOBJS=''
MIXED_CYGWIN='no'
MIXED_CYGWIN_MINGW='no'
MIXED_CYGWIN_VC='no'
OBJEXT='o'
PACKAGE_BUGREPORT=''
PACKAGE_NAME=''
PACKAGE_STRING=''
PACKAGE_TARNAME=''
PACKAGE_URL=''
PACKAGE_VERSION=''
PATH_SEPARATOR=':'
RANLIB='ranlib'
RC_FILE_TYPE='o'
RUN_ERL='erl'
SHELL='/bin/bash'
SO_EXT='.so'
TARGET='x86_64-unknown-linux-gnu'
TESS_CB_TIGER_STYLE='no'
WXERL_CAN_BUILD_DRIVER='true'
WXERL_SYS_TYPE='x86_64-unknown-linux-gnu'
WX_BUILDING_INSIDE_ERLSRC='true'
WX_CFLAGS='-I/usr/lib/wx/include/gtk2-unicode-release-2.8 -I/usr/include/wx-2.8 -D_FILE_OFFSET_BITS=64 -D_LARGE_FILES -D__WXGTK__ -pthread'
WX_CFLAGS_ONLY='-pthread'
WX_CONFIG_PATH='/usr/bin/wx-config'
WX_CPPFLAGS='-I/usr/lib/wx/include/gtk2-unicode-release-2.8 -I/usr/include/wx-2.8 -D_FILE_OFFSET_BITS=64 -D_LARGE_FILES -D__WXGTK__'
WX_CXXFLAGS='-I/usr/lib/wx/include/gtk2-unicode-release-2.8 -I/usr/include/wx-2.8 -D_FILE_OFFSET_BITS=64 -D_LARGE_FILES -D__WXGTK__ -pthread'
WX_CXXFLAGS_ONLY=''
WX_HAVE_STATIC_LIBS='false'
WX_LIBS='-pthread   -lwx_gtk2u_stc-2.8 -lwx_gtk2u_xrc-2.8 -lwx_gtk2u_html-2.8 -lwx_gtk2u_adv-2.8 -lwx_baseu_xml-2.8 -lwx_gtk2u_core-2.8 -lwx_baseu-2.8 -lwx_gtk2u_gl-2.8 -lwx_gtk2u_aui-2.8 '
WX_LIBS_STATIC=''
WX_RESCOMP=''
WX_VERSION='2.8.10'
ac_ct_CC='gcc'
ac_ct_CXX='g++'
bindir='${exec_prefix}/bin'
build='x86_64-unknown-linux-gnu'
build_alias=''
build_cpu='x86_64'
build_os='linux-gnu'
build_vendor='unknown'
datadir='${datarootdir}'
datarootdir='${prefix}/share'
docdir='${datarootdir}/doc/${PACKAGE}'
dvidir='${docdir}'
exec_prefix='${prefix}'
host='x86_64-unknown-linux-gnu'
host_alias=''
host_cpu='x86_64'
host_os='linux-gnu'
host_vendor='unknown'
htmldir='${docdir}'
includedir='${prefix}/include'
infodir='${datarootdir}/info'
libdir='${exec_prefix}/lib'
libexecdir='${exec_prefix}/libexec'
localedir='${datarootdir}/locale'
localstatedir='${prefix}/var'
mandir='${datarootdir}/man'
oldincludedir='/usr/include'
pdfdir='${docdir}'
prefix='/usr/local'
program_transform_name='s,x,x,'
psdir='${docdir}'
sbindir='${exec_prefix}/sbin'
sharedstatedir='${prefix}/com'
sysconfdir='${prefix}/etc'
target_alias=''

## ----------- ##
## confdefs.h. ##
## ----------- ##

/* confdefs.h */
#define PACKAGE_NAME ""
#define PACKAGE_TARNAME ""
#define PACKAGE_VERSION ""
#define PACKAGE_STRING ""
#define PACKAGE_BUGREPORT ""
#define PACKAGE_URL ""
#define STDC_HEADERS 1
#define HAVE_SYS_TYPES_H 1
#define HAVE_SYS_STAT_H 1
#define HAVE_STDLIB_H 1
#define HAVE_STRING_H 1
#define HAVE_MEMORY_H 1
#define HAVE_STRINGS_H 1
#define HAVE_INTTYPES_H 1
#define HAVE_STDINT_H 1
#define HAVE_UNISTD_H 1
#define SIZEOF_VOID_P 8
#define HAVE_GL_GL_H 1
#define HAVE_GL_SUPPORT 1
#define HAVE_GLINTPTR 1
#define HAVE_GLINTPTRARB 1
#define HAVE_GLCHAR 1
#define HAVE_GLCHARARB 1
#define HAVE_GLHALFARB 1
#define HAVE_GLINT64EXT 1
#define HAVE_WX_STC_STC_H 1

configure: exit 0
