This file contains any messages produced by compilers while
running configure, to aid debugging if configure makes a mistake.

It was created by configure, which was
generated by GNU Autoconf 2.67.  Invocation command line was

  $ ./configure --disable-option-checking --prefix=/usr/local --cache-file=/dev/null --srcdir=.

## --------- ##
## Platform. ##
## --------- ##

hostname = pc-kostis
uname -m = x86_64
uname -r = 2.6.32-5-amd64
uname -s = Linux
uname -v = #1 SMP Sun Sep 23 10:07:46 UTC 2012

/usr/bin/uname -p = unknown
/bin/uname -X     = unknown

/bin/arch              = unknown
/usr/bin/arch -k       = unknown
/usr/convex/getsysinfo = unknown
/usr/bin/hostinfo      = unknown
/bin/machine           = unknown
/usr/bin/oslevel       = unknown
/bin/universe          = unknown

PATH: /home/kostis/HiPE/otp/bin
PATH: /usr/local/bin
PATH: /usr/bin
PATH: /bin
PATH: /usr/local/games
PATH: /usr/games


## ----------- ##
## Core tests. ##
## ----------- ##

configure:2387: checking build system type
configure:2401: result: x86_64-unknown-linux-gnu
configure:2421: checking host system type
configure:2434: result: x86_64-unknown-linux-gnu
configure:2527: checking for gcc
configure:2543: found /usr/bin/gcc
configure:2554: result: gcc
configure:2783: checking for C compiler version
configure:2792: gcc --version >&5
gcc (Debian 4.4.5-8) 4.4.5
Copyright (C) 2010 Free Software Foundation, Inc.
This is free software; see the source for copying conditions.  There is NO
warranty; not even for MERCHANTABILITY or FITNESS FOR A PARTICULAR PURPOSE.

configure:2803: $? = 0
configure:2792: gcc -v >&5
Using built-in specs.
Target: x86_64-linux-gnu
Configured with: ../src/configure -v --with-pkgversion='Debian 4.4.5-8' --with-bugurl=file:///usr/share/doc/gcc-4.4/README.Bugs --enable-languages=c,c++,fortran,objc,obj-c++ --prefix=/usr --program-suffix=-4.4 --enable-shared --enable-multiarch --enable-linker-build-id --with-system-zlib --libexecdir=/usr/lib --without-included-gettext --enable-threads=posix --with-gxx-include-dir=/usr/include/c++/4.4 --libdir=/usr/lib --enable-nls --enable-clocale=gnu --enable-libstdcxx-debug --enable-objc-gc --with-arch-32=i586 --with-tune=generic --enable-checking=release --build=x86_64-linux-gnu --host=x86_64-linux-gnu --target=x86_64-linux-gnu
Thread model: posix
gcc version 4.4.5 (Debian 4.4.5-8) 
configure:2803: $? = 0
configure:2792: gcc -V >&5
gcc: '-V' option must have argument
configure:2803: $? = 1
configure:2792: gcc -qversion >&5
gcc: unrecognized option '-qversion'
gcc: no input files
configure:2803: $? = 1
configure:2823: checking whether the C compiler works
configure:2845: gcc    conftest.c  >&5
configure:2849: $? = 0
configure:2897: result: yes
configure:2900: checking for C compiler default output file name
configure:2902: result: a.out
configure:2908: checking for suffix of executables
configure:2915: gcc -o conftest    conftest.c  >&5
configure:2919: $? = 0
configure:2941: result: 
configure:2963: checking whether we are cross compiling
configure:2971: gcc -o conftest    conftest.c  >&5
configure:2975: $? = 0
configure:2982: ./conftest
configure:2986: $? = 0
configure:3001: result: no
configure:3006: checking for suffix of object files
configure:3028: gcc -c   conftest.c >&5
configure:3032: $? = 0
configure:3053: result: o
configure:3057: checking whether we are using the GNU C compiler
configure:3076: gcc -c   conftest.c >&5
configure:3076: $? = 0
configure:3085: result: yes
configure:3094: checking whether gcc accepts -g
configure:3114: gcc -c -g  conftest.c >&5
configure:3114: $? = 0
configure:3155: result: yes
configure:3172: checking for gcc option to accept ISO C89
configure:3236: gcc  -c -g -O2  conftest.c >&5
configure:3236: $? = 0
configure:3249: result: none needed
configure:3274: checking how to run the C preprocessor
configure:3305: gcc -E  conftest.c
configure:3305: $? = 0
configure:3319: gcc -E  conftest.c
conftest.c:9:28: error: ac_nonexistent.h: No such file or directory
configure:3319: $? = 1
configure: failed program was:
| /* confdefs.h */
| #define PACKAGE_NAME ""
| #define PACKAGE_TARNAME ""
| #define PACKAGE_VERSION ""
| #define PACKAGE_STRING ""
| #define PACKAGE_BUGREPORT ""
| #define PACKAGE_URL ""
| /* end confdefs.h.  */
| #include <ac_nonexistent.h>
configure:3344: result: gcc -E
configure:3364: gcc -E  conftest.c
configure:3364: $? = 0
configure:3378: gcc -E  conftest.c
conftest.c:9:28: error: ac_nonexistent.h: No such file or directory
configure:3378: $? = 1
configure: failed program was:
| /* confdefs.h */
| #define PACKAGE_NAME ""
| #define PACKAGE_TARNAME ""
| #define PACKAGE_VERSION ""
| #define PACKAGE_STRING ""
| #define PACKAGE_BUGREPORT ""
| #define PACKAGE_URL ""
| /* end confdefs.h.  */
| #include <ac_nonexistent.h>
configure:3449: checking for ranlib
configure:3465: found /usr/bin/ranlib
configure:3476: result: ranlib
configure:3500: checking for ld.sh
configure:3530: result: no
configure:3578: checking for ld
configure:3594: found /usr/bin/ld
configure:3605: result: ld
configure:3631: checking for grep that handles long lines and -e
configure:3689: result: /bin/grep
configure:3694: checking for egrep
configure:3756: result: /bin/grep -E
configure:3761: checking for ANSI C header files
configure:3781: gcc -c -g -O2  conftest.c >&5
configure:3781: $? = 0
configure:3854: gcc -o conftest -g -O2   conftest.c  >&5
configure:3854: $? = 0
configure:3854: ./conftest
configure:3854: $? = 0
configure:3865: result: yes
configure:3878: checking for sys/types.h
configure:3878: gcc -c -g -O2  conftest.c >&5
configure:3878: $? = 0
configure:3878: result: yes
configure:3878: checking for sys/stat.h
configure:3878: gcc -c -g -O2  conftest.c >&5
configure:3878: $? = 0
configure:3878: result: yes
configure:3878: checking for stdlib.h
configure:3878: gcc -c -g -O2  conftest.c >&5
configure:3878: $? = 0
configure:3878: result: yes
configure:3878: checking for string.h
configure:3878: gcc -c -g -O2  conftest.c >&5
configure:3878: $? = 0
configure:3878: result: yes
configure:3878: checking for memory.h
configure:3878: gcc -c -g -O2  conftest.c >&5
configure:3878: $? = 0
configure:3878: result: yes
configure:3878: checking for strings.h
configure:3878: gcc -c -g -O2  conftest.c >&5
configure:3878: $? = 0
configure:3878: result: yes
configure:3878: checking for inttypes.h
configure:3878: gcc -c -g -O2  conftest.c >&5
configure:3878: $? = 0
configure:3878: result: yes
configure:3878: checking for stdint.h
configure:3878: gcc -c -g -O2  conftest.c >&5
configure:3878: $? = 0
configure:3878: result: yes
configure:3878: checking for unistd.h
configure:3878: gcc -c -g -O2  conftest.c >&5
configure:3878: $? = 0
configure:3878: result: yes
configure:3894: checking size of short
configure:3899: gcc -o conftest -g -O2   conftest.c  >&5
configure:3899: $? = 0
configure:3899: ./conftest
configure:3899: $? = 0
configure:3913: result: 2
configure:3927: checking size of int
configure:3932: gcc -o conftest -g -O2   conftest.c  >&5
configure:3932: $? = 0
configure:3932: ./conftest
configure:3932: $? = 0
configure:3946: result: 4
configure:3960: checking size of long
configure:3965: gcc -o conftest -g -O2   conftest.c  >&5
configure:3965: $? = 0
configure:3965: ./conftest
configure:3965: $? = 0
configure:3979: result: 8
configure:3993: checking size of void *
configure:3998: gcc -o conftest -g -O2   conftest.c  >&5
configure:3998: $? = 0
configure:3998: ./conftest
configure:3998: $? = 0
configure:4012: result: 8
configure:4026: checking size of long long
configure:4031: gcc -o conftest -g -O2   conftest.c  >&5
configure:4031: $? = 0
configure:4031: ./conftest
configure:4031: $? = 0
configure:4045: result: 8
configure:4103: checking for ar
configure:4119: found /usr/bin/ar
configure:4130: result: ar
configure:4180: checking for a BSD-compatible install
configure:4248: result: /usr/bin/install -c
configure:4259: checking how to create a directory including parents
configure:4280: result: /usr/bin/install -c -d
configure:4298: checking for gethostbyname in -lnsl
configure:4323: gcc -o conftest -g -O2 -DEI_64BIT   conftest.c -lnsl   >&5
configure:4323: $? = 0
configure:4332: result: yes
configure:4343: checking for getpeername in -lsocket
configure:4368: gcc -o conftest -g -O2 -DEI_64BIT   conftest.c -lsocket  -lnsl  >&5
/usr/bin/ld: cannot find -lsocket
collect2: ld returned 1 exit status
configure:4368: $? = 1
configure: failed program was:
| /* confdefs.h */
| #define PACKAGE_NAME ""
| #define PACKAGE_TARNAME ""
| #define PACKAGE_VERSION ""
| #define PACKAGE_STRING ""
| #define PACKAGE_BUGREPORT ""
| #define PACKAGE_URL ""
| #define STDC_HEADERS 1
| #define HAVE_SYS_TYPES_H 1
| #define HAVE_SYS_STAT_H 1
| #define HAVE_STDLIB_H 1
| #define HAVE_STRING_H 1
| #define HAVE_MEMORY_H 1
| #define HAVE_STRINGS_H 1
| #define HAVE_INTTYPES_H 1
| #define HAVE_STDINT_H 1
| #define HAVE_UNISTD_H 1
| #define SIZEOF_SHORT 2
| #define SIZEOF_INT 4
| #define SIZEOF_LONG 8
| #define SIZEOF_VOID_P 8
| #define SIZEOF_LONG_LONG 8
| #define HAVE_LIBNSL 1
| /* end confdefs.h.  */
| 
| /* Override any GCC internal prototype to avoid an error.
|    Use char because int might match the return type of a GCC
|    builtin and then its argument prototype would still apply.  */
| #ifdef __cplusplus
| extern "C"
| #endif
| char getpeername ();
| int
| main ()
| {
| return getpeername ();
|   ;
|   return 0;
| }
configure:4377: result: no
configure:4390: checking for ANSI C header files
configure:4494: result: yes
configure:4502: checking for sys/wait.h that is POSIX.1 compatible
configure:4528: gcc -c -g -O2 -DEI_64BIT  conftest.c >&5
configure:4528: $? = 0
configure:4535: result: yes
configure:4546: checking arpa/inet.h usability
configure:4546: gcc -c -g -O2 -DEI_64BIT  conftest.c >&5
configure:4546: $? = 0
configure:4546: result: yes
configure:4546: checking arpa/inet.h presence
configure:4546: gcc -E  conftest.c
configure:4546: $? = 0
configure:4546: result: yes
configure:4546: checking for arpa/inet.h
configure:4546: result: yes
configure:4546: checking fcntl.h usability
configure:4546: gcc -c -g -O2 -DEI_64BIT  conftest.c >&5
configure:4546: $? = 0
configure:4546: result: yes
configure:4546: checking fcntl.h presence
configure:4546: gcc -E  conftest.c
configure:4546: $? = 0
configure:4546: result: yes
configure:4546: checking for fcntl.h
configure:4546: result: yes
configure:4546: checking limits.h usability
configure:4546: gcc -c -g -O2 -DEI_64BIT  conftest.c >&5
configure:4546: $? = 0
configure:4546: result: yes
configure:4546: checking limits.h presence
configure:4546: gcc -E  conftest.c
configure:4546: $? = 0
configure:4546: result: yes
configure:4546: checking for limits.h
configure:4546: result: yes
configure:4546: checking malloc.h usability
configure:4546: gcc -c -g -O2 -DEI_64BIT  conftest.c >&5
configure:4546: $? = 0
configure:4546: result: yes
configure:4546: checking malloc.h presence
configure:4546: gcc -E  conftest.c
configure:4546: $? = 0
configure:4546: result: yes
configure:4546: checking for malloc.h
configure:4546: result: yes
configure:4546: checking netdb.h usability
configure:4546: gcc -c -g -O2 -DEI_64BIT  conftest.c >&5
configure:4546: $? = 0
configure:4546: result: yes
configure:4546: checking netdb.h presence
configure:4546: gcc -E  conftest.c
configure:4546: $? = 0
configure:4546: result: yes
configure:4546: checking for netdb.h
configure:4546: result: yes
configure:4546: checking netinet/in.h usability
configure:4546: gcc -c -g -O2 -DEI_64BIT  conftest.c >&5
configure:4546: $? = 0
configure:4546: result: yes
configure:4546: checking netinet/in.h presence
configure:4546: gcc -E  conftest.c
configure:4546: $? = 0
configure:4546: result: yes
configure:4546: checking for netinet/in.h
configure:4546: result: yes
configure:4546: checking stddef.h usability
configure:4546: gcc -c -g -O2 -DEI_64BIT  conftest.c >&5
configure:4546: $? = 0
configure:4546: result: yes
configure:4546: checking stddef.h presence
configure:4546: gcc -E  conftest.c
configure:4546: $? = 0
configure:4546: result: yes
configure:4546: checking for stddef.h
configure:4546: result: yes
configure:4546: checking for stdlib.h
configure:4546: result: yes
configure:4546: checking for string.h
configure:4546: result: yes
configure:4546: checking sys/param.h usability
configure:4546: gcc -c -g -O2 -DEI_64BIT  conftest.c >&5
configure:4546: $? = 0
configure:4546: result: yes
configure:4546: checking sys/param.h presence
configure:4546: gcc -E  conftest.c
configure:4546: $? = 0
configure:4546: result: yes
configure:4546: checking for sys/param.h
configure:4546: result: yes
configure:4546: checking sys/socket.h usability
configure:4546: gcc -c -g -O2 -DEI_64BIT  conftest.c >&5
configure:4546: $? = 0
configure:4546: result: yes
configure:4546: checking sys/socket.h presence
configure:4546: gcc -E  conftest.c
configure:4546: $? = 0
configure:4546: result: yes
configure:4546: checking for sys/socket.h
configure:4546: result: yes
configure:4546: checking sys/select.h usability
configure:4546: gcc -c -g -O2 -DEI_64BIT  conftest.c >&5
configure:4546: $? = 0
configure:4546: result: yes
configure:4546: checking sys/select.h presence
configure:4546: gcc -E  conftest.c
configure:4546: $? = 0
configure:4546: result: yes
configure:4546: checking for sys/select.h
configure:4546: result: yes
configure:4546: checking sys/time.h usability
configure:4546: gcc -c -g -O2 -DEI_64BIT  conftest.c >&5
configure:4546: $? = 0
configure:4546: result: yes
configure:4546: checking sys/time.h presence
configure:4546: gcc -E  conftest.c
configure:4546: $? = 0
configure:4546: result: yes
configure:4546: checking for sys/time.h
configure:4546: result: yes
configure:4546: checking for unistd.h
configure:4546: result: yes
configure:4546: checking for sys/types.h
configure:4546: result: yes
configure:4559: checking for uid_t in sys/types.h
configure:4578: result: yes
configure:4589: checking for pid_t
configure:4589: gcc -c -g -O2 -DEI_64BIT  conftest.c >&5
configure:4589: $? = 0
configure:4589: gcc -c -g -O2 -DEI_64BIT  conftest.c >&5
conftest.c: In function 'main':
conftest.c:78: error: expected expression before ')' token
configure:4589: $? = 1
configure: failed program was:
| /* confdefs.h */
| #define PACKAGE_NAME ""
| #define PACKAGE_TARNAME ""
| #define PACKAGE_VERSION ""
| #define PACKAGE_STRING ""
| #define PACKAGE_BUGREPORT ""
| #define PACKAGE_URL ""
| #define STDC_HEADERS 1
| #define HAVE_SYS_TYPES_H 1
| #define HAVE_SYS_STAT_H 1
| #define HAVE_STDLIB_H 1
| #define HAVE_STRING_H 1
| #define HAVE_MEMORY_H 1
| #define HAVE_STRINGS_H 1
| #define HAVE_INTTYPES_H 1
| #define HAVE_STDINT_H 1
| #define HAVE_UNISTD_H 1
| #define SIZEOF_SHORT 2
| #define SIZEOF_INT 4
| #define SIZEOF_LONG 8
| #define SIZEOF_VOID_P 8
| #define SIZEOF_LONG_LONG 8
| #define HAVE_LIBNSL 1
| #define STDC_HEADERS 1
| #define HAVE_SYS_WAIT_H 1
| #define HAVE_ARPA_INET_H 1
| #define HAVE_FCNTL_H 1
| #define HAVE_LIMITS_H 1
| #define HAVE_MALLOC_H 1
| #define HAVE_NETDB_H 1
| #define HAVE_NETINET_IN_H 1
| #define HAVE_STDDEF_H 1
| #define HAVE_STDLIB_H 1
| #define HAVE_STRING_H 1
| #define HAVE_SYS_PARAM_H 1
| #define HAVE_SYS_SOCKET_H 1
| #define HAVE_SYS_SELECT_H 1
| #define HAVE_SYS_TIME_H 1
| #define HAVE_UNISTD_H 1
| #define HAVE_SYS_TYPES_H 1
| /* end confdefs.h.  */
| #include <stdio.h>
| #ifdef HAVE_SYS_TYPES_H
| # include <sys/types.h>
| #endif
| #ifdef HAVE_SYS_STAT_H
| # include <sys/stat.h>
| #endif
| #ifdef STDC_HEADERS
| # include <stdlib.h>
| # include <stddef.h>
| #else
| # ifdef HAVE_STDLIB_H
| #  include <stdlib.h>
| # endif
| #endif
| #ifdef HAVE_STRING_H
| # if !defined STDC_HEADERS && defined HAVE_MEMORY_H
| #  include <memory.h>
| # endif
| # include <string.h>
| #endif
| #ifdef HAVE_STRINGS_H
| # include <strings.h>
| #endif
| #ifdef HAVE_INTTYPES_H
| # include <inttypes.h>
| #endif
| #ifdef HAVE_STDINT_H
| # include <stdint.h>
| #endif
| #ifdef HAVE_UNISTD_H
| # include <unistd.h>
| #endif
| int
| main ()
| {
| if (sizeof ((pid_t)))
| 	    return 0;
|   ;
|   return 0;
| }
configure:4589: result: yes
configure:4600: checking for size_t
configure:4600: gcc -c -g -O2 -DEI_64BIT  conftest.c >&5
configure:4600: $? = 0
configure:4600: gcc -c -g -O2 -DEI_64BIT  conftest.c >&5
conftest.c: In function 'main':
conftest.c:78: error: expected expression before ')' token
configure:4600: $? = 1
configure: failed program was:
| /* confdefs.h */
| #define PACKAGE_NAME ""
| #define PACKAGE_TARNAME ""
| #define PACKAGE_VERSION ""
| #define PACKAGE_STRING ""
| #define PACKAGE_BUGREPORT ""
| #define PACKAGE_URL ""
| #define STDC_HEADERS 1
| #define HAVE_SYS_TYPES_H 1
| #define HAVE_SYS_STAT_H 1
| #define HAVE_STDLIB_H 1
| #define HAVE_STRING_H 1
| #define HAVE_MEMORY_H 1
| #define HAVE_STRINGS_H 1
| #define HAVE_INTTYPES_H 1
| #define HAVE_STDINT_H 1
| #define HAVE_UNISTD_H 1
| #define SIZEOF_SHORT 2
| #define SIZEOF_INT 4
| #define SIZEOF_LONG 8
| #define SIZEOF_VOID_P 8
| #define SIZEOF_LONG_LONG 8
| #define HAVE_LIBNSL 1
| #define STDC_HEADERS 1
| #define HAVE_SYS_WAIT_H 1
| #define HAVE_ARPA_INET_H 1
| #define HAVE_FCNTL_H 1
| #define HAVE_LIMITS_H 1
| #define HAVE_MALLOC_H 1
| #define HAVE_NETDB_H 1
| #define HAVE_NETINET_IN_H 1
| #define HAVE_STDDEF_H 1
| #define HAVE_STDLIB_H 1
| #define HAVE_STRING_H 1
| #define HAVE_SYS_PARAM_H 1
| #define HAVE_SYS_SOCKET_H 1
| #define HAVE_SYS_SELECT_H 1
| #define HAVE_SYS_TIME_H 1
| #define HAVE_UNISTD_H 1
| #define HAVE_SYS_TYPES_H 1
| /* end confdefs.h.  */
| #include <stdio.h>
| #ifdef HAVE_SYS_TYPES_H
| # include <sys/types.h>
| #endif
| #ifdef HAVE_SYS_STAT_H
| # include <sys/stat.h>
| #endif
| #ifdef STDC_HEADERS
| # include <stdlib.h>
| # include <stddef.h>
| #else
| # ifdef HAVE_STDLIB_H
| #  include <stdlib.h>
| # endif
| #endif
| #ifdef HAVE_STRING_H
| # if !defined STDC_HEADERS && defined HAVE_MEMORY_H
| #  include <memory.h>
| # endif
| # include <string.h>
| #endif
| #ifdef HAVE_STRINGS_H
| # include <strings.h>
| #endif
| #ifdef HAVE_INTTYPES_H
| # include <inttypes.h>
| #endif
| #ifdef HAVE_STDINT_H
| # include <stdint.h>
| #endif
| #ifdef HAVE_UNISTD_H
| # include <unistd.h>
| #endif
| int
| main ()
| {
| if (sizeof ((size_t)))
| 	    return 0;
|   ;
|   return 0;
| }
configure:4600: result: yes
configure:4611: checking whether time.h and sys/time.h may both be included
configure:4631: gcc -c -g -O2 -DEI_64BIT  conftest.c >&5
configure:4631: $? = 0
configure:4638: result: yes
configure:4646: checking for socklen_t usability
configure:4660: gcc -c -g -O2 -DEI_64BIT  conftest.c >&5
configure:4660: $? = 0
configure:4661: result: yes
configure:4675: checking for working alloca.h
configure:4692: gcc -o conftest -g -O2 -DEI_64BIT   conftest.c -lnsl  >&5
configure:4692: $? = 0
configure:4700: result: yes
configure:4708: checking for alloca
configure:4745: gcc -o conftest -g -O2 -DEI_64BIT   conftest.c -lnsl  >&5
configure:4745: $? = 0
configure:4753: result: yes
configure:4864: checking whether gcc needs -traditional
configure:4898: result: no
configure:4906: checking for working memcmp
configure:4949: gcc -o conftest -g -O2 -DEI_64BIT   conftest.c -lnsl  >&5
configure:4949: $? = 0
configure:4949: ./conftest
configure:4949: $? = 0
configure:4959: result: yes
configure:4975: checking for dup2
configure:4975: gcc -o conftest -g -O2 -DEI_64BIT   conftest.c -lnsl  >&5
configure:4975: $? = 0
configure:4975: result: yes
configure:4975: checking for gethostbyaddr
configure:4975: gcc -o conftest -g -O2 -DEI_64BIT   conftest.c -lnsl  >&5
configure:4975: $? = 0
configure:4975: result: yes
configure:4975: checking for gethostbyname
configure:4975: gcc -o conftest -g -O2 -DEI_64BIT   conftest.c -lnsl  >&5
configure:4975: $? = 0
configure:4975: result: yes
configure:4975: checking for gethostbyaddr_r
configure:4975: gcc -o conftest -g -O2 -DEI_64BIT   conftest.c -lnsl  >&5
configure:4975: $? = 0
configure:4975: result: yes
configure:4975: checking for gethostbyname_r
configure:4975: gcc -o conftest -g -O2 -DEI_64BIT   conftest.c -lnsl  >&5
configure:4975: $? = 0
configure:4975: result: yes
configure:4975: checking for gethostname
configure:4975: gcc -o conftest -g -O2 -DEI_64BIT   conftest.c -lnsl  >&5
configure:4975: $? = 0
configure:4975: result: yes
configure:4975: checking for writev
configure:4975: gcc -o conftest -g -O2 -DEI_64BIT   conftest.c -lnsl  >&5
configure:4975: $? = 0
configure:4975: result: yes
configure:4975: checking for gethrtime
configure:4975: gcc -o conftest -g -O2 -DEI_64BIT   conftest.c -lnsl  >&5
/tmp/ccsmbp4Z.o: In function `main':
/home/kostis/slice/otp_src_R14B04+slice/lib/erl_interface/conftest.c:87: undefined reference to `gethrtime'
collect2: ld returned 1 exit status
configure:4975: $? = 1
configure: failed program was:
| /* confdefs.h */
| #define PACKAGE_NAME ""
| #define PACKAGE_TARNAME ""
| #define PACKAGE_VERSION ""
| #define PACKAGE_STRING ""
| #define PACKAGE_BUGREPORT ""
| #define PACKAGE_URL ""
| #define STDC_HEADERS 1
| #define HAVE_SYS_TYPES_H 1
| #define HAVE_SYS_STAT_H 1
| #define HAVE_STDLIB_H 1
| #define HAVE_STRING_H 1
| #define HAVE_MEMORY_H 1
| #define HAVE_STRINGS_H 1
| #define HAVE_INTTYPES_H 1
| #define HAVE_STDINT_H 1
| #define HAVE_UNISTD_H 1
| #define SIZEOF_SHORT 2
| #define SIZEOF_INT 4
| #define SIZEOF_LONG 8
| #define SIZEOF_VOID_P 8
| #define SIZEOF_LONG_LONG 8
| #define HAVE_LIBNSL 1
| #define STDC_HEADERS 1
| #define HAVE_SYS_WAIT_H 1
| #define HAVE_ARPA_INET_H 1
| #define HAVE_FCNTL_H 1
| #define HAVE_LIMITS_H 1
| #define HAVE_MALLOC_H 1
| #define HAVE_NETDB_H 1
| #define HAVE_NETINET_IN_H 1
| #define HAVE_STDDEF_H 1
| #define HAVE_STDLIB_H 1
| #define HAVE_STRING_H 1
| #define HAVE_SYS_PARAM_H 1
| #define HAVE_SYS_SOCKET_H 1
| #define HAVE_SYS_SELECT_H 1
| #define HAVE_SYS_TIME_H 1
| #define HAVE_UNISTD_H 1
| #define HAVE_SYS_TYPES_H 1
| #define TIME_WITH_SYS_TIME 1
| #define HAVE_SOCKLEN_T /**/
| #define HAVE_ALLOCA_H 1
| #define HAVE_ALLOCA 1
| #define HAVE_DUP2 1
| #define HAVE_GETHOSTBYADDR 1
| #define HAVE_GETHOSTBYNAME 1
| #define HAVE_GETHOSTBYADDR_R 1
| #define HAVE_GETHOSTBYNAME_R 1
| #define HAVE_GETHOSTNAME 1
| #define HAVE_WRITEV 1
| /* end confdefs.h.  */
| /* Define gethrtime to an innocuous variant, in case <limits.h> declares gethrtime.
|    For example, HP-UX 11i <limits.h> declares gettimeofday.  */
| #define gethrtime innocuous_gethrtime
| 
| /* System header to define __stub macros and hopefully few prototypes,
|     which can conflict with char gethrtime (); below.
|     Prefer <limits.h> to <assert.h> if __STDC__ is defined, since
|     <limits.h> exists even on freestanding compilers.  */
| 
| #ifdef __STDC__
| # include <limits.h>
| #else
| # include <assert.h>
| #endif
| 
| #undef gethrtime
| 
| /* Override any GCC internal prototype to avoid an error.
|    Use char because int might match the return type of a GCC
|    builtin and then its argument prototype would still apply.  */
| #ifdef __cplusplus
| extern "C"
| #endif
| char gethrtime ();
| /* The GNU C library defines this for functions which it implements
|     to always fail with ENOSYS.  Some functions are actually named
|     something starting with __ and the normal name is an alias.  */
| #if defined __stub_gethrtime || defined __stub___gethrtime
| choke me
| #endif
| 
| int
| main ()
| {
| return gethrtime ();
|   ;
|   return 0;
| }
configure:4975: result: no
configure:4975: checking for gettimeofday
configure:4975: gcc -o conftest -g -O2 -DEI_64BIT   conftest.c -lnsl  >&5
configure:4975: $? = 0
configure:4975: result: yes
configure:4975: checking for inet_ntoa
configure:4975: gcc -o conftest -g -O2 -DEI_64BIT   conftest.c -lnsl  >&5
configure:4975: $? = 0
configure:4975: result: yes
configure:4975: checking for memchr
configure:4975: gcc -o conftest -g -O2 -DEI_64BIT   conftest.c -lnsl  >&5
conftest.c:78: warning: conflicting types for built-in function 'memchr'
configure:4975: $? = 0
configure:4975: result: yes
configure:4975: checking for memmove
configure:4975: gcc -o conftest -g -O2 -DEI_64BIT   conftest.c -lnsl  >&5
conftest.c:79: warning: conflicting types for built-in function 'memmove'
configure:4975: $? = 0
configure:4975: result: yes
configure:4975: checking for memset
configure:4975: gcc -o conftest -g -O2 -DEI_64BIT   conftest.c -lnsl  >&5
conftest.c:80: warning: conflicting types for built-in function 'memset'
configure:4975: $? = 0
configure:4975: result: yes
configure:4975: checking for select
configure:4975: gcc -o conftest -g -O2 -DEI_64BIT   conftest.c -lnsl  >&5
configure:4975: $? = 0
configure:4975: result: yes
configure:4975: checking for socket
configure:4975: gcc -o conftest -g -O2 -DEI_64BIT   conftest.c -lnsl  >&5
configure:4975: $? = 0
configure:4975: result: yes
configure:4975: checking for strchr
configure:4975: gcc -o conftest -g -O2 -DEI_64BIT   conftest.c -lnsl  >&5
conftest.c:83: warning: conflicting types for built-in function 'strchr'
configure:4975: $? = 0
configure:4975: result: yes
configure:4975: checking for strerror
configure:4975: gcc -o conftest -g -O2 -DEI_64BIT   conftest.c -lnsl  >&5
configure:4975: $? = 0
configure:4975: result: yes
configure:4975: checking for strrchr
configure:4975: gcc -o conftest -g -O2 -DEI_64BIT   conftest.c -lnsl  >&5
conftest.c:85: warning: conflicting types for built-in function 'strrchr'
configure:4975: $? = 0
configure:4975: result: yes
configure:4975: checking for strstr
configure:4975: gcc -o conftest -g -O2 -DEI_64BIT   conftest.c -lnsl  >&5
conftest.c:86: warning: conflicting types for built-in function 'strstr'
configure:4975: $? = 0
configure:4975: result: yes
configure:4975: checking for uname
configure:4975: gcc -o conftest -g -O2 -DEI_64BIT   conftest.c -lnsl  >&5
configure:4975: $? = 0
configure:4975: result: yes
configure:4984: checking for res_gethostbyname
configure:4984: gcc -o conftest -g -O2 -DEI_64BIT   conftest.c -lnsl  >&5
/tmp/ccZOTLYE.o: In function `main':
/home/kostis/slice/otp_src_R14B04+slice/lib/erl_interface/conftest.c:99: undefined reference to `res_gethostbyname'
collect2: ld returned 1 exit status
configure:4984: $? = 1
configure: failed program was:
| /* confdefs.h */
| #define PACKAGE_NAME ""
| #define PACKAGE_TARNAME ""
| #define PACKAGE_VERSION ""
| #define PACKAGE_STRING ""
| #define PACKAGE_BUGREPORT ""
| #define PACKAGE_URL ""
| #define STDC_HEADERS 1
| #define HAVE_SYS_TYPES_H 1
| #define HAVE_SYS_STAT_H 1
| #define HAVE_STDLIB_H 1
| #define HAVE_STRING_H 1
| #define HAVE_MEMORY_H 1
| #define HAVE_STRINGS_H 1
| #define HAVE_INTTYPES_H 1
| #define HAVE_STDINT_H 1
| #define HAVE_UNISTD_H 1
| #define SIZEOF_SHORT 2
| #define SIZEOF_INT 4
| #define SIZEOF_LONG 8
| #define SIZEOF_VOID_P 8
| #define SIZEOF_LONG_LONG 8
| #define HAVE_LIBNSL 1
| #define STDC_HEADERS 1
| #define HAVE_SYS_WAIT_H 1
| #define HAVE_ARPA_INET_H 1
| #define HAVE_FCNTL_H 1
| #define HAVE_LIMITS_H 1
| #define HAVE_MALLOC_H 1
| #define HAVE_NETDB_H 1
| #define HAVE_NETINET_IN_H 1
| #define HAVE_STDDEF_H 1
| #define HAVE_STDLIB_H 1
| #define HAVE_STRING_H 1
| #define HAVE_SYS_PARAM_H 1
| #define HAVE_SYS_SOCKET_H 1
| #define HAVE_SYS_SELECT_H 1
| #define HAVE_SYS_TIME_H 1
| #define HAVE_UNISTD_H 1
| #define HAVE_SYS_TYPES_H 1
| #define TIME_WITH_SYS_TIME 1
| #define HAVE_SOCKLEN_T /**/
| #define HAVE_ALLOCA_H 1
| #define HAVE_ALLOCA 1
| #define HAVE_DUP2 1
| #define HAVE_GETHOSTBYADDR 1
| #define HAVE_GETHOSTBYNAME 1
| #define HAVE_GETHOSTBYADDR_R 1
| #define HAVE_GETHOSTBYNAME_R 1
| #define HAVE_GETHOSTNAME 1
| #define HAVE_WRITEV 1
| #define HAVE_GETTIMEOFDAY 1
| #define HAVE_INET_NTOA 1
| #define HAVE_MEMCHR 1
| #define HAVE_MEMMOVE 1
| #define HAVE_MEMSET 1
| #define HAVE_SELECT 1
| #define HAVE_SOCKET 1
| #define HAVE_STRCHR 1
| #define HAVE_STRERROR 1
| #define HAVE_STRRCHR 1
| #define HAVE_STRSTR 1
| #define HAVE_UNAME 1
| /* end confdefs.h.  */
| /* Define res_gethostbyname to an innocuous variant, in case <limits.h> declares res_gethostbyname.
|    For example, HP-UX 11i <limits.h> declares gettimeofday.  */
| #define res_gethostbyname innocuous_res_gethostbyname
| 
| /* System header to define __stub macros and hopefully few prototypes,
|     which can conflict with char res_gethostbyname (); below.
|     Prefer <limits.h> to <assert.h> if __STDC__ is defined, since
|     <limits.h> exists even on freestanding compilers.  */
| 
| #ifdef __STDC__
| # include <limits.h>
| #else
| # include <assert.h>
| #endif
| 
| #undef res_gethostbyname
| 
| /* Override any GCC internal prototype to avoid an error.
|    Use char because int might match the return type of a GCC
|    builtin and then its argument prototype would still apply.  */
| #ifdef __cplusplus
| extern "C"
| #endif
| char res_gethostbyname ();
| /* The GNU C library defines this for functions which it implements
|     to always fail with ENOSYS.  Some functions are actually named
|     something starting with __ and the normal name is an alias.  */
| #if defined __stub_res_gethostbyname || defined __stub___res_gethostbyname
| choke me
| #endif
| 
| int
| main ()
| {
| return res_gethostbyname ();
|   ;
|   return 0;
| }
configure:4984: result: no
configure:4988: checking for res_gethostbyname in -lresolv
configure:5013: gcc -o conftest -g -O2 -DEI_64BIT   conftest.c -lresolv  -lnsl  >&5
configure:5013: $? = 0
configure:5022: result: yes
configure:5036: checking for clock_gettime
configure:5036: gcc -o conftest -g -O2 -DEI_64BIT   conftest.c -lresolv -lnsl  >&5
/tmp/ccZDB1nP.o: In function `main':
/home/kostis/slice/otp_src_R14B04+slice/lib/erl_interface/conftest.c:100: undefined reference to `clock_gettime'
collect2: ld returned 1 exit status
configure:5036: $? = 1
configure: failed program was:
| /* confdefs.h */
| #define PACKAGE_NAME ""
| #define PACKAGE_TARNAME ""
| #define PACKAGE_VERSION ""
| #define PACKAGE_STRING ""
| #define PACKAGE_BUGREPORT ""
| #define PACKAGE_URL ""
| #define STDC_HEADERS 1
| #define HAVE_SYS_TYPES_H 1
| #define HAVE_SYS_STAT_H 1
| #define HAVE_STDLIB_H 1
| #define HAVE_STRING_H 1
| #define HAVE_MEMORY_H 1
| #define HAVE_STRINGS_H 1
| #define HAVE_INTTYPES_H 1
| #define HAVE_STDINT_H 1
| #define HAVE_UNISTD_H 1
| #define SIZEOF_SHORT 2
| #define SIZEOF_INT 4
| #define SIZEOF_LONG 8
| #define SIZEOF_VOID_P 8
| #define SIZEOF_LONG_LONG 8
| #define HAVE_LIBNSL 1
| #define STDC_HEADERS 1
| #define HAVE_SYS_WAIT_H 1
| #define HAVE_ARPA_INET_H 1
| #define HAVE_FCNTL_H 1
| #define HAVE_LIMITS_H 1
| #define HAVE_MALLOC_H 1
| #define HAVE_NETDB_H 1
| #define HAVE_NETINET_IN_H 1
| #define HAVE_STDDEF_H 1
| #define HAVE_STDLIB_H 1
| #define HAVE_STRING_H 1
| #define HAVE_SYS_PARAM_H 1
| #define HAVE_SYS_SOCKET_H 1
| #define HAVE_SYS_SELECT_H 1
| #define HAVE_SYS_TIME_H 1
| #define HAVE_UNISTD_H 1
| #define HAVE_SYS_TYPES_H 1
| #define TIME_WITH_SYS_TIME 1
| #define HAVE_SOCKLEN_T /**/
| #define HAVE_ALLOCA_H 1
| #define HAVE_ALLOCA 1
| #define HAVE_DUP2 1
| #define HAVE_GETHOSTBYADDR 1
| #define HAVE_GETHOSTBYNAME 1
| #define HAVE_GETHOSTBYADDR_R 1
| #define HAVE_GETHOSTBYNAME_R 1
| #define HAVE_GETHOSTNAME 1
| #define HAVE_WRITEV 1
| #define HAVE_GETTIMEOFDAY 1
| #define HAVE_INET_NTOA 1
| #define HAVE_MEMCHR 1
| #define HAVE_MEMMOVE 1
| #define HAVE_MEMSET 1
| #define HAVE_SELECT 1
| #define HAVE_SOCKET 1
| #define HAVE_STRCHR 1
| #define HAVE_STRERROR 1
| #define HAVE_STRRCHR 1
| #define HAVE_STRSTR 1
| #define HAVE_UNAME 1
| #define HAVE_LIBRESOLV 1
| /* end confdefs.h.  */
| /* Define clock_gettime to an innocuous variant, in case <limits.h> declares clock_gettime.
|    For example, HP-UX 11i <limits.h> declares gettimeofday.  */
| #define clock_gettime innocuous_clock_gettime
| 
| /* System header to define __stub macros and hopefully few prototypes,
|     which can conflict with char clock_gettime (); below.
|     Prefer <limits.h> to <assert.h> if __STDC__ is defined, since
|     <limits.h> exists even on freestanding compilers.  */
| 
| #ifdef __STDC__
| # include <limits.h>
| #else
| # include <assert.h>
| #endif
| 
| #undef clock_gettime
| 
| /* Override any GCC internal prototype to avoid an error.
|    Use char because int might match the return type of a GCC
|    builtin and then its argument prototype would still apply.  */
| #ifdef __cplusplus
| extern "C"
| #endif
| char clock_gettime ();
| /* The GNU C library defines this for functions which it implements
|     to always fail with ENOSYS.  Some functions are actually named
|     something starting with __ and the normal name is an alias.  */
| #if defined __stub_clock_gettime || defined __stub___clock_gettime
| choke me
| #endif
| 
| int
| main ()
| {
| return clock_gettime ();
|   ;
|   return 0;
| }
configure:5036: result: no
configure:5040: checking for clock_gettime in -lrt
configure:5065: gcc -o conftest -g -O2 -DEI_64BIT   conftest.c -lrt  -lresolv -lnsl  >&5
configure:5065: $? = 0
configure:5074: result: yes
configure:5235: checking for mixed cygwin and native VC++ environment
configure:5250: result: no
configure:5256: checking for mixed cygwin and native MinGW environment
configure:5271: result: no
configure:5277: checking if we mix cygwin with any native compiler
configure:5283: result: no
configure:5301: checking for native win32 threads
configure:5311: result: no
configure:5319: checking for pthread_create in -lpthread
configure:5344: gcc -o conftest -g -O2 -DEI_64BIT   conftest.c -lpthread  -lrt -lresolv -lnsl  >&5
configure:5344: $? = 0
configure:5353: result: yes
configure:5448: checking for getconf
configure:5464: found /usr/bin/getconf
configure:5476: result: getconf
configure:5630: checking for Native POSIX Thread Library
configure:5647: result: yes
configure:5657: checking nptl/pthread.h usability
configure:5657: gcc -c -g -O2 -DEI_64BIT  conftest.c >&5
conftest.c:100:26: error: nptl/pthread.h: No such file or directory
configure:5657: $? = 1
configure: failed program was:
| /* confdefs.h */
| #define PACKAGE_NAME ""
| #define PACKAGE_TARNAME ""
| #define PACKAGE_VERSION ""
| #define PACKAGE_STRING ""
| #define PACKAGE_BUGREPORT ""
| #define PACKAGE_URL ""
| #define STDC_HEADERS 1
| #define HAVE_SYS_TYPES_H 1
| #define HAVE_SYS_STAT_H 1
| #define HAVE_STDLIB_H 1
| #define HAVE_STRING_H 1
| #define HAVE_MEMORY_H 1
| #define HAVE_STRINGS_H 1
| #define HAVE_INTTYPES_H 1
| #define HAVE_STDINT_H 1
| #define HAVE_UNISTD_H 1
| #define SIZEOF_SHORT 2
| #define SIZEOF_INT 4
| #define SIZEOF_LONG 8
| #define SIZEOF_VOID_P 8
| #define SIZEOF_LONG_LONG 8
| #define HAVE_LIBNSL 1
| #define STDC_HEADERS 1
| #define HAVE_SYS_WAIT_H 1
| #define HAVE_ARPA_INET_H 1
| #define HAVE_FCNTL_H 1
| #define HAVE_LIMITS_H 1
| #define HAVE_MALLOC_H 1
| #define HAVE_NETDB_H 1
| #define HAVE_NETINET_IN_H 1
| #define HAVE_STDDEF_H 1
| #define HAVE_STDLIB_H 1
| #define HAVE_STRING_H 1
| #define HAVE_SYS_PARAM_H 1
| #define HAVE_SYS_SOCKET_H 1
| #define HAVE_SYS_SELECT_H 1
| #define HAVE_SYS_TIME_H 1
| #define HAVE_UNISTD_H 1
| #define HAVE_SYS_TYPES_H 1
| #define TIME_WITH_SYS_TIME 1
| #define HAVE_SOCKLEN_T /**/
| #define HAVE_ALLOCA_H 1
| #define HAVE_ALLOCA 1
| #define HAVE_DUP2 1
| #define HAVE_GETHOSTBYADDR 1
| #define HAVE_GETHOSTBYNAME 1
| #define HAVE_GETHOSTBYADDR_R 1
| #define HAVE_GETHOSTBYNAME_R 1
| #define HAVE_GETHOSTNAME 1
| #define HAVE_WRITEV 1
| #define HAVE_GETTIMEOFDAY 1
| #define HAVE_INET_NTOA 1
| #define HAVE_MEMCHR 1
| #define HAVE_MEMMOVE 1
| #define HAVE_MEMSET 1
| #define HAVE_SELECT 1
| #define HAVE_SOCKET 1
| #define HAVE_STRCHR 1
| #define HAVE_STRERROR 1
| #define HAVE_STRRCHR 1
| #define HAVE_STRSTR 1
| #define HAVE_UNAME 1
| #define HAVE_LIBRESOLV 1
| #define HAVE_LIBRT 1
| /* end confdefs.h.  */
| #include <stdio.h>
| #ifdef HAVE_SYS_TYPES_H
| # include <sys/types.h>
| #endif
| #ifdef HAVE_SYS_STAT_H
| # include <sys/stat.h>
| #endif
| #ifdef STDC_HEADERS
| # include <stdlib.h>
| # include <stddef.h>
| #else
| # ifdef HAVE_STDLIB_H
| #  include <stdlib.h>
| # endif
| #endif
| #ifdef HAVE_STRING_H
| # if !defined STDC_HEADERS && defined HAVE_MEMORY_H
| #  include <memory.h>
| # endif
| # include <string.h>
| #endif
| #ifdef HAVE_STRINGS_H
| # include <strings.h>
| #endif
| #ifdef HAVE_INTTYPES_H
| # include <inttypes.h>
| #endif
| #ifdef HAVE_STDINT_H
| # include <stdint.h>
| #endif
| #ifdef HAVE_UNISTD_H
| # include <unistd.h>
| #endif
| #include <nptl/pthread.h>
configure:5657: result: no
configure:5657: checking nptl/pthread.h presence
configure:5657: gcc -E  conftest.c
conftest.c:67:26: error: nptl/pthread.h: No such file or directory
configure:5657: $? = 1
configure: failed program was:
| /* confdefs.h */
| #define PACKAGE_NAME ""
| #define PACKAGE_TARNAME ""
| #define PACKAGE_VERSION ""
| #define PACKAGE_STRING ""
| #define PACKAGE_BUGREPORT ""
| #define PACKAGE_URL ""
| #define STDC_HEADERS 1
| #define HAVE_SYS_TYPES_H 1
| #define HAVE_SYS_STAT_H 1
| #define HAVE_STDLIB_H 1
| #define HAVE_STRING_H 1
| #define HAVE_MEMORY_H 1
| #define HAVE_STRINGS_H 1
| #define HAVE_INTTYPES_H 1
| #define HAVE_STDINT_H 1
| #define HAVE_UNISTD_H 1
| #define SIZEOF_SHORT 2
| #define SIZEOF_INT 4
| #define SIZEOF_LONG 8
| #define SIZEOF_VOID_P 8
| #define SIZEOF_LONG_LONG 8
| #define HAVE_LIBNSL 1
| #define STDC_HEADERS 1
| #define HAVE_SYS_WAIT_H 1
| #define HAVE_ARPA_INET_H 1
| #define HAVE_FCNTL_H 1
| #define HAVE_LIMITS_H 1
| #define HAVE_MALLOC_H 1
| #define HAVE_NETDB_H 1
| #define HAVE_NETINET_IN_H 1
| #define HAVE_STDDEF_H 1
| #define HAVE_STDLIB_H 1
| #define HAVE_STRING_H 1
| #define HAVE_SYS_PARAM_H 1
| #define HAVE_SYS_SOCKET_H 1
| #define HAVE_SYS_SELECT_H 1
| #define HAVE_SYS_TIME_H 1
| #define HAVE_UNISTD_H 1
| #define HAVE_SYS_TYPES_H 1
| #define TIME_WITH_SYS_TIME 1
| #define HAVE_SOCKLEN_T /**/
| #define HAVE_ALLOCA_H 1
| #define HAVE_ALLOCA 1
| #define HAVE_DUP2 1
| #define HAVE_GETHOSTBYADDR 1
| #define HAVE_GETHOSTBYNAME 1
| #define HAVE_GETHOSTBYADDR_R 1
| #define HAVE_GETHOSTBYNAME_R 1
| #define HAVE_GETHOSTNAME 1
| #define HAVE_WRITEV 1
| #define HAVE_GETTIMEOFDAY 1
| #define HAVE_INET_NTOA 1
| #define HAVE_MEMCHR 1
| #define HAVE_MEMMOVE 1
| #define HAVE_MEMSET 1
| #define HAVE_SELECT 1
| #define HAVE_SOCKET 1
| #define HAVE_STRCHR 1
| #define HAVE_STRERROR 1
| #define HAVE_STRRCHR 1
| #define HAVE_STRSTR 1
| #define HAVE_UNAME 1
| #define HAVE_LIBRESOLV 1
| #define HAVE_LIBRT 1
| /* end confdefs.h.  */
| #include <nptl/pthread.h>
configure:5657: result: no
configure:5657: checking for nptl/pthread.h
configure:5657: result: no
configure:5710: checking pthread.h usability
configure:5710: gcc -c -g -O2 -DEI_64BIT   -D_THREAD_SAFE -D_REENTRANT -DPOSIX_THREADS -D_POSIX_THREAD_SAFE_FUNCTIONS conftest.c >&5
configure:5710: $? = 0
configure:5710: result: yes
configure:5710: checking pthread.h presence
configure:5710: gcc -E   -D_THREAD_SAFE -D_REENTRANT -DPOSIX_THREADS -D_POSIX_THREAD_SAFE_FUNCTIONS conftest.c
configure:5710: $? = 0
configure:5710: result: yes
configure:5710: checking for pthread.h
configure:5710: result: yes
configure:5719: checking pthread/mit/pthread.h usability
configure:5719: gcc -c -g -O2 -DEI_64BIT   -D_THREAD_SAFE -D_REENTRANT -DPOSIX_THREADS -D_POSIX_THREAD_SAFE_FUNCTIONS conftest.c >&5
conftest.c:101:33: error: pthread/mit/pthread.h: No such file or directory
configure:5719: $? = 1
configure: failed program was:
| /* confdefs.h */
| #define PACKAGE_NAME ""
| #define PACKAGE_TARNAME ""
| #define PACKAGE_VERSION ""
| #define PACKAGE_STRING ""
| #define PACKAGE_BUGREPORT ""
| #define PACKAGE_URL ""
| #define STDC_HEADERS 1
| #define HAVE_SYS_TYPES_H 1
| #define HAVE_SYS_STAT_H 1
| #define HAVE_STDLIB_H 1
| #define HAVE_STRING_H 1
| #define HAVE_MEMORY_H 1
| #define HAVE_STRINGS_H 1
| #define HAVE_INTTYPES_H 1
| #define HAVE_STDINT_H 1
| #define HAVE_UNISTD_H 1
| #define SIZEOF_SHORT 2
| #define SIZEOF_INT 4
| #define SIZEOF_LONG 8
| #define SIZEOF_VOID_P 8
| #define SIZEOF_LONG_LONG 8
| #define HAVE_LIBNSL 1
| #define STDC_HEADERS 1
| #define HAVE_SYS_WAIT_H 1
| #define HAVE_ARPA_INET_H 1
| #define HAVE_FCNTL_H 1
| #define HAVE_LIMITS_H 1
| #define HAVE_MALLOC_H 1
| #define HAVE_NETDB_H 1
| #define HAVE_NETINET_IN_H 1
| #define HAVE_STDDEF_H 1
| #define HAVE_STDLIB_H 1
| #define HAVE_STRING_H 1
| #define HAVE_SYS_PARAM_H 1
| #define HAVE_SYS_SOCKET_H 1
| #define HAVE_SYS_SELECT_H 1
| #define HAVE_SYS_TIME_H 1
| #define HAVE_UNISTD_H 1
| #define HAVE_SYS_TYPES_H 1
| #define TIME_WITH_SYS_TIME 1
| #define HAVE_SOCKLEN_T /**/
| #define HAVE_ALLOCA_H 1
| #define HAVE_ALLOCA 1
| #define HAVE_DUP2 1
| #define HAVE_GETHOSTBYADDR 1
| #define HAVE_GETHOSTBYNAME 1
| #define HAVE_GETHOSTBYADDR_R 1
| #define HAVE_GETHOSTBYNAME_R 1
| #define HAVE_GETHOSTNAME 1
| #define HAVE_WRITEV 1
| #define HAVE_GETTIMEOFDAY 1
| #define HAVE_INET_NTOA 1
| #define HAVE_MEMCHR 1
| #define HAVE_MEMMOVE 1
| #define HAVE_MEMSET 1
| #define HAVE_SELECT 1
| #define HAVE_SOCKET 1
| #define HAVE_STRCHR 1
| #define HAVE_STRERROR 1
| #define HAVE_STRRCHR 1
| #define HAVE_STRSTR 1
| #define HAVE_UNAME 1
| #define HAVE_LIBRESOLV 1
| #define HAVE_LIBRT 1
| #define HAVE_PTHREAD_H 1
| /* end confdefs.h.  */
| #include <stdio.h>
| #ifdef HAVE_SYS_TYPES_H
| # include <sys/types.h>
| #endif
| #ifdef HAVE_SYS_STAT_H
| # include <sys/stat.h>
| #endif
| #ifdef STDC_HEADERS
| # include <stdlib.h>
| # include <stddef.h>
| #else
| # ifdef HAVE_STDLIB_H
| #  include <stdlib.h>
| # endif
| #endif
| #ifdef HAVE_STRING_H
| # if !defined STDC_HEADERS && defined HAVE_MEMORY_H
| #  include <memory.h>
| # endif
| # include <string.h>
| #endif
| #ifdef HAVE_STRINGS_H
| # include <strings.h>
| #endif
| #ifdef HAVE_INTTYPES_H
| # include <inttypes.h>
| #endif
| #ifdef HAVE_STDINT_H
| # include <stdint.h>
| #endif
| #ifdef HAVE_UNISTD_H
| # include <unistd.h>
| #endif
| #include <pthread/mit/pthread.h>
configure:5719: result: no
configure:5719: checking pthread/mit/pthread.h presence
configure:5719: gcc -E   -D_THREAD_SAFE -D_REENTRANT -DPOSIX_THREADS -D_POSIX_THREAD_SAFE_FUNCTIONS conftest.c
conftest.c:68:33: error: pthread/mit/pthread.h: No such file or directory
configure:5719: $? = 1
configure: failed program was:
| /* confdefs.h */
| #define PACKAGE_NAME ""
| #define PACKAGE_TARNAME ""
| #define PACKAGE_VERSION ""
| #define PACKAGE_STRING ""
| #define PACKAGE_BUGREPORT ""
| #define PACKAGE_URL ""
| #define STDC_HEADERS 1
| #define HAVE_SYS_TYPES_H 1
| #define HAVE_SYS_STAT_H 1
| #define HAVE_STDLIB_H 1
| #define HAVE_STRING_H 1
| #define HAVE_MEMORY_H 1
| #define HAVE_STRINGS_H 1
| #define HAVE_INTTYPES_H 1
| #define HAVE_STDINT_H 1
| #define HAVE_UNISTD_H 1
| #define SIZEOF_SHORT 2
| #define SIZEOF_INT 4
| #define SIZEOF_LONG 8
| #define SIZEOF_VOID_P 8
| #define SIZEOF_LONG_LONG 8
| #define HAVE_LIBNSL 1
| #define STDC_HEADERS 1
| #define HAVE_SYS_WAIT_H 1
| #define HAVE_ARPA_INET_H 1
| #define HAVE_FCNTL_H 1
| #define HAVE_LIMITS_H 1
| #define HAVE_MALLOC_H 1
| #define HAVE_NETDB_H 1
| #define HAVE_NETINET_IN_H 1
| #define HAVE_STDDEF_H 1
| #define HAVE_STDLIB_H 1
| #define HAVE_STRING_H 1
| #define HAVE_SYS_PARAM_H 1
| #define HAVE_SYS_SOCKET_H 1
| #define HAVE_SYS_SELECT_H 1
| #define HAVE_SYS_TIME_H 1
| #define HAVE_UNISTD_H 1
| #define HAVE_SYS_TYPES_H 1
| #define TIME_WITH_SYS_TIME 1
| #define HAVE_SOCKLEN_T /**/
| #define HAVE_ALLOCA_H 1
| #define HAVE_ALLOCA 1
| #define HAVE_DUP2 1
| #define HAVE_GETHOSTBYADDR 1
| #define HAVE_GETHOSTBYNAME 1
| #define HAVE_GETHOSTBYADDR_R 1
| #define HAVE_GETHOSTBYNAME_R 1
| #define HAVE_GETHOSTNAME 1
| #define HAVE_WRITEV 1
| #define HAVE_GETTIMEOFDAY 1
| #define HAVE_INET_NTOA 1
| #define HAVE_MEMCHR 1
| #define HAVE_MEMMOVE 1
| #define HAVE_MEMSET 1
| #define HAVE_SELECT 1
| #define HAVE_SOCKET 1
| #define HAVE_STRCHR 1
| #define HAVE_STRERROR 1
| #define HAVE_STRRCHR 1
| #define HAVE_STRSTR 1
| #define HAVE_UNAME 1
| #define HAVE_LIBRESOLV 1
| #define HAVE_LIBRT 1
| #define HAVE_PTHREAD_H 1
| /* end confdefs.h.  */
| #include <pthread/mit/pthread.h>
configure:5719: result: no
configure:5719: checking for pthread/mit/pthread.h
configure:5719: result: no
configure:5915: creating ./config.status

## ---------------------- ##
## Running config.status. ##
## ---------------------- ##

This file was extended by config.status, which was
generated by GNU Autoconf 2.67.  Invocation command line was

  CONFIG_FILES    = 
  CONFIG_HEADERS  = 
  CONFIG_LINKS    = 
  CONFIG_COMMANDS = 
  $ ./config.status 

on pc-kostis

config.status:883: creating src/x86_64-unknown-linux-gnu/Makefile
config.status:883: creating src/x86_64-unknown-linux-gnu/eidefs.mk
config.status:883: creating src/x86_64-unknown-linux-gnu/config.h
config.status:1042: src/x86_64-unknown-linux-gnu/config.h is unchanged

## ---------------- ##
## Cache variables. ##
## ---------------- ##

ac_cv_build=x86_64-unknown-linux-gnu
ac_cv_c_compiler_gnu=yes
ac_cv_env_CC_set=
ac_cv_env_CC_value=
ac_cv_env_CFLAGS_set=
ac_cv_env_CFLAGS_value=
ac_cv_env_CPPFLAGS_set=
ac_cv_env_CPPFLAGS_value=
ac_cv_env_CPP_set=
ac_cv_env_CPP_value=
ac_cv_env_LDFLAGS_set=
ac_cv_env_LDFLAGS_value=
ac_cv_env_LIBS_set=
ac_cv_env_LIBS_value=
ac_cv_env_build_alias_set=
ac_cv_env_build_alias_value=
ac_cv_env_host_alias_set=
ac_cv_env_host_alias_value=
ac_cv_env_target_alias_set=
ac_cv_env_target_alias_value=
ac_cv_func_alloca_works=yes
ac_cv_func_clock_gettime=no
ac_cv_func_dup2=yes
ac_cv_func_gethostbyaddr=yes
ac_cv_func_gethostbyaddr_r=yes
ac_cv_func_gethostbyname=yes
ac_cv_func_gethostbyname_r=yes
ac_cv_func_gethostname=yes
ac_cv_func_gethrtime=no
ac_cv_func_gettimeofday=yes
ac_cv_func_inet_ntoa=yes
ac_cv_func_memchr=yes
ac_cv_func_memcmp_working=yes
ac_cv_func_memmove=yes
ac_cv_func_memset=yes
ac_cv_func_res_gethostbyname=no
ac_cv_func_select=yes
ac_cv_func_socket=yes
ac_cv_func_strchr=yes
ac_cv_func_strerror=yes
ac_cv_func_strrchr=yes
ac_cv_func_strstr=yes
ac_cv_func_uname=yes
ac_cv_func_writev=yes
ac_cv_header_arpa_inet_h=yes
ac_cv_header_fcntl_h=yes
ac_cv_header_inttypes_h=yes
ac_cv_header_limits_h=yes
ac_cv_header_malloc_h=yes
ac_cv_header_memory_h=yes
ac_cv_header_netdb_h=yes
ac_cv_header_netinet_in_h=yes
ac_cv_header_nptl_pthread_h=no
ac_cv_header_pthread_h=yes
ac_cv_header_pthread_mit_pthread_h=no
ac_cv_header_stdc=yes
ac_cv_header_stddef_h=yes
ac_cv_header_stdint_h=yes
ac_cv_header_stdlib_h=yes
ac_cv_header_string_h=yes
ac_cv_header_strings_h=yes
ac_cv_header_sys_param_h=yes
ac_cv_header_sys_select_h=yes
ac_cv_header_sys_socket_h=yes
ac_cv_header_sys_stat_h=yes
ac_cv_header_sys_time_h=yes
ac_cv_header_sys_types_h=yes
ac_cv_header_sys_wait_h=yes
ac_cv_header_time=yes
ac_cv_header_unistd_h=yes
ac_cv_host=x86_64-unknown-linux-gnu
ac_cv_lib_nsl_gethostbyname=yes
ac_cv_lib_pthread_pthread_create=yes
ac_cv_lib_resolv_res_gethostbyname=yes
ac_cv_lib_rt_clock_gettime=yes
ac_cv_lib_socket_getpeername=no
ac_cv_objext=o
ac_cv_path_EGREP='/bin/grep -E'
ac_cv_path_GREP=/bin/grep
ac_cv_path_install='/usr/bin/install -c'
ac_cv_prog_CPP='gcc -E'
ac_cv_prog_GETCONF=getconf
ac_cv_prog_ac_ct_AR=ar
ac_cv_prog_ac_ct_CC=gcc
ac_cv_prog_ac_ct_LD=ld
ac_cv_prog_ac_ct_RANLIB=ranlib
ac_cv_prog_cc_c89=
ac_cv_prog_cc_g=yes
ac_cv_prog_gcc_traditional=no
ac_cv_prog_mkdir_p='/usr/bin/install -c -d'
ac_cv_sizeof_int=4
ac_cv_sizeof_long=8
ac_cv_sizeof_long_long=8
ac_cv_sizeof_short=2
ac_cv_sizeof_void_p=8
ac_cv_type_pid_t=yes
ac_cv_type_size_t=yes
ac_cv_type_uid_t=yes
ac_cv_working_alloca_h=yes

## ----------------- ##
## Output variables. ##
## ----------------- ##

ALLOCA=''
AR='ar'
CC='gcc'
CFLAGS='-g -O2 -DEI_64BIT'
CPP='gcc -E'
CPPFLAGS=''
DEFS='-DHAVE_CONFIG_H'
ECHO_C=''
ECHO_N='-n'
ECHO_T=''
EGREP='/bin/grep -E'
EI_THREADS='true'
EXEEXT=''
GETCONF='getconf'
GREP='/bin/grep'
INSTALL_DATA='${INSTALL} -m 644'
INSTALL_DIR='/usr/bin/install -c -d'
INSTALL_PROGRAM='${INSTALL}'
INSTALL_SCRIPT='${INSTALL}'
LD='ld'
LDFLAGS=''
LIBOBJS=''
LIBS='-lrt -lresolv -lnsl '
LIB_CFLAGS='-g -O2 -DEI_64BIT -fPIC'
LTLIBOBJS=''
MIXED_CYGWIN='no'
MIXED_CYGWIN_MINGW='no'
MIXED_CYGWIN_VC='no'
OBJEXT='o'
PACKAGE_BUGREPORT=''
PACKAGE_NAME=''
PACKAGE_STRING=''
PACKAGE_TARNAME=''
PACKAGE_URL=''
PACKAGE_VERSION=''
PATH_SEPARATOR=':'
RANLIB='ranlib'
SHELL='/bin/bash'
TARGET='x86_64-unknown-linux-gnu'
THR_DEFS=' -D_THREAD_SAFE -D_REENTRANT -DPOSIX_THREADS -D_POSIX_THREAD_SAFE_FUNCTIONS'
THR_LIBS='-lpthread'
WFLAGS='-Wall -Wstrict-prototypes -Wmissing-prototypes -Wmissing-declarations -Wnested-externs -Winline -fno-strict-aliasing'
ac_ct_CC='gcc'
bindir='${exec_prefix}/bin'
build='x86_64-unknown-linux-gnu'
build_alias=''
build_cpu='x86_64'
build_os='linux-gnu'
build_vendor='unknown'
datadir='${datarootdir}'
datarootdir='${prefix}/share'
docdir='${datarootdir}/doc/${PACKAGE}'
dvidir='${docdir}'
exec_prefix='${prefix}'
host='x86_64-unknown-linux-gnu'
host_alias=''
host_cpu='x86_64'
host_os='linux-gnu'
host_vendor='unknown'
htmldir='${docdir}'
includedir='${prefix}/include'
infodir='${datarootdir}/info'
libdir='${exec_prefix}/lib'
libexecdir='${exec_prefix}/libexec'
localedir='${datarootdir}/locale'
localstatedir='${prefix}/var'
mandir='${datarootdir}/man'
oldincludedir='/usr/include'
pdfdir='${docdir}'
prefix='/usr/local'
program_transform_name='s,x,x,'
psdir='${docdir}'
sbindir='${exec_prefix}/sbin'
sharedstatedir='${prefix}/com'
sysconfdir='${prefix}/etc'
target_alias=''

## ----------- ##
## confdefs.h. ##
## ----------- ##

/* confdefs.h */
#define PACKAGE_NAME ""
#define PACKAGE_TARNAME ""
#define PACKAGE_VERSION ""
#define PACKAGE_STRING ""
#define PACKAGE_BUGREPORT ""
#define PACKAGE_URL ""
#define STDC_HEADERS 1
#define HAVE_SYS_TYPES_H 1
#define HAVE_SYS_STAT_H 1
#define HAVE_STDLIB_H 1
#define HAVE_STRING_H 1
#define HAVE_MEMORY_H 1
#define HAVE_STRINGS_H 1
#define HAVE_INTTYPES_H 1
#define HAVE_STDINT_H 1
#define HAVE_UNISTD_H 1
#define SIZEOF_SHORT 2
#define SIZEOF_INT 4
#define SIZEOF_LONG 8
#define SIZEOF_VOID_P 8
#define SIZEOF_LONG_LONG 8
#define HAVE_LIBNSL 1
#define STDC_HEADERS 1
#define HAVE_SYS_WAIT_H 1
#define HAVE_ARPA_INET_H 1
#define HAVE_FCNTL_H 1
#define HAVE_LIMITS_H 1
#define HAVE_MALLOC_H 1
#define HAVE_NETDB_H 1
#define HAVE_NETINET_IN_H 1
#define HAVE_STDDEF_H 1
#define HAVE_STDLIB_H 1
#define HAVE_STRING_H 1
#define HAVE_SYS_PARAM_H 1
#define HAVE_SYS_SOCKET_H 1
#define HAVE_SYS_SELECT_H 1
#define HAVE_SYS_TIME_H 1
#define HAVE_UNISTD_H 1
#define HAVE_SYS_TYPES_H 1
#define TIME_WITH_SYS_TIME 1
#define HAVE_SOCKLEN_T /**/
#define HAVE_ALLOCA_H 1
#define HAVE_ALLOCA 1
#define HAVE_DUP2 1
#define HAVE_GETHOSTBYADDR 1
#define HAVE_GETHOSTBYNAME 1
#define HAVE_GETHOSTBYADDR_R 1
#define HAVE_GETHOSTBYNAME_R 1
#define HAVE_GETHOSTNAME 1
#define HAVE_WRITEV 1
#define HAVE_GETTIMEOFDAY 1
#define HAVE_INET_NTOA 1
#define HAVE_MEMCHR 1
#define HAVE_MEMMOVE 1
#define HAVE_MEMSET 1
#define HAVE_SELECT 1
#define HAVE_SOCKET 1
#define HAVE_STRCHR 1
#define HAVE_STRERROR 1
#define HAVE_STRRCHR 1
#define HAVE_STRSTR 1
#define HAVE_UNAME 1
#define HAVE_LIBRESOLV 1
#define HAVE_LIBRT 1
#define HAVE_PTHREAD_H 1

configure: exit 0
